\BOOKMARK [0][-]{section*.1}{Thesis Approval Sheet }{}% 1
\BOOKMARK [0][-]{section*.3}{Acknowledgment}{}% 2
\BOOKMARK [0][-]{section*.5}{Abstract}{}% 3
\BOOKMARK [0][-]{section*.7}{Table of Contents}{}% 4
\BOOKMARK [0][-]{section*.8}{List of Figures}{}% 5
\BOOKMARK [0][-]{section*.9}{List of Tables}{}% 6
\BOOKMARK [0][-]{section*.10}{Abbreviations}{}% 7
\BOOKMARK [0][-]{chapter.1}{Introduction}{}% 8
\BOOKMARK [1][-]{section.1.1}{Background of the Study}{chapter.1}% 9
\BOOKMARK [1][-]{section.1.2}{Prior Studies}{chapter.1}% 10
\BOOKMARK [1][-]{section.1.3}{Problem Statement}{chapter.1}% 11
\BOOKMARK [1][-]{section.1.4}{Objectives}{chapter.1}% 12
\BOOKMARK [2][-]{subsection.1.4.1}{General Objective\(s\)}{section.1.4}% 13
\BOOKMARK [2][-]{subsection.1.4.2}{Specific Objectives}{section.1.4}% 14
\BOOKMARK [1][-]{section.1.5}{Significance of the Study}{chapter.1}% 15
\BOOKMARK [1][-]{section.1.6}{Assumptions, Scope and Delimitations}{chapter.1}% 16
\BOOKMARK [2][-]{subsection.1.6.1}{Assumptions}{section.1.6}% 17
\BOOKMARK [2][-]{subsection.1.6.2}{Scope}{section.1.6}% 18
\BOOKMARK [2][-]{subsection.1.6.3}{Delimitations}{section.1.6}% 19
\BOOKMARK [1][-]{section.1.7}{Description and Methodology of the Thesis}{chapter.1}% 20
\BOOKMARK [1][-]{section.1.8}{Overview of the Thesis}{chapter.1}% 21
\BOOKMARK [0][-]{chapter.2}{Literature Review}{}% 22
\BOOKMARK [1][-]{section.2.1}{Existing Work}{chapter.2}% 23
\BOOKMARK [1][-]{section.2.2}{Lacking in the Approaches}{chapter.2}% 24
\BOOKMARK [1][-]{section.2.3}{Summary}{chapter.2}% 25
\BOOKMARK [0][-]{chapter.3}{Methodology}{}% 26
\BOOKMARK [1][-]{section.3.1}{Implementation}{chapter.3}% 27
\BOOKMARK [1][-]{section.3.2}{Evaluation}{chapter.3}% 28
\BOOKMARK [1][-]{section.3.3}{Summary}{chapter.3}% 29
\BOOKMARK [0][-]{chapter.4}{Results and Discussions}{}% 30
\BOOKMARK [1][-]{section.4.1}{Summary}{chapter.4}% 31
\BOOKMARK [0][-]{chapter.5}{Conclusions, Recommendations, and Future Directives}{}% 32
\BOOKMARK [1][-]{section.5.1}{Concluding Remarks}{chapter.5}% 33
\BOOKMARK [1][-]{section.5.2}{Contributions}{chapter.5}% 34
\BOOKMARK [1][-]{section.5.3}{Recommendations}{chapter.5}% 35
\BOOKMARK [1][-]{section.5.4}{Future Prospects}{chapter.5}% 36
\BOOKMARK [0][-]{chapter*.12}{References}{}% 37
\BOOKMARK [0][-]{appendix.A}{Answers to Questions to this Thesis}{}% 38
\BOOKMARK [0][-]{appendix.B}{Usage Examples}{}% 39
\BOOKMARK [1][-]{section.B.1}{Equations}{appendix.B}% 40
\BOOKMARK [1][-]{section.B.2}{Notations}{appendix.B}% 41
\BOOKMARK [2][-]{subsection.B.2.1}{Math alphabets}{section.B.2}% 42
\BOOKMARK [2][-]{subsection.B.2.2}{Vector symbols}{section.B.2}% 43
\BOOKMARK [2][-]{subsection.B.2.3}{Matrix symbols}{section.B.2}% 44
\BOOKMARK [2][-]{subsection.B.2.4}{Tensor symbols}{section.B.2}% 45
\BOOKMARK [2][-]{subsection.B.2.5}{Bold math version}{section.B.2}% 46
\BOOKMARK [3][-]{subsubsection.B.2.5.1}{Vector symbols}{subsection.B.2.5}% 47
\BOOKMARK [3][-]{subsubsection.B.2.5.2}{Matrix symbols}{subsection.B.2.5}% 48
\BOOKMARK [3][-]{subsubsection.B.2.5.3}{Tensor symbols}{subsection.B.2.5}% 49
\BOOKMARK [1][-]{section.B.3}{Abbreviation}{appendix.B}% 50
\BOOKMARK [1][-]{section.B.4}{Glossary}{appendix.B}% 51
\BOOKMARK [1][-]{section.B.5}{Figure}{appendix.B}% 52
\BOOKMARK [1][-]{section.B.6}{Table}{appendix.B}% 53
\BOOKMARK [1][-]{section.B.7}{Algorithm or Pseudocode Listing}{appendix.B}% 54
\BOOKMARK [1][-]{section.B.8}{Program/Code Listing}{appendix.B}% 55
\BOOKMARK [1][-]{section.B.9}{Referencing}{appendix.B}% 56
\BOOKMARK [2][-]{subsection.B.9.1}{A subsection}{section.B.9}% 57
\BOOKMARK [3][-]{subsubsection.B.9.1.1}{A sub-subsection}{subsection.B.9.1}% 58
\BOOKMARK [1][-]{section.B.10}{Citing}{appendix.B}% 59
\BOOKMARK [2][-]{subsection.B.10.1}{Books}{section.B.10}% 60
\BOOKMARK [2][-]{subsection.B.10.2}{Booklets}{section.B.10}% 61
\BOOKMARK [2][-]{subsection.B.10.3}{Proceedings}{section.B.10}% 62
\BOOKMARK [2][-]{subsection.B.10.4}{In books}{section.B.10}% 63
\BOOKMARK [2][-]{subsection.B.10.5}{In proceedings}{section.B.10}% 64
\BOOKMARK [2][-]{subsection.B.10.6}{Journals}{section.B.10}% 65
\BOOKMARK [2][-]{subsection.B.10.7}{Theses/dissertations}{section.B.10}% 66
\BOOKMARK [2][-]{subsection.B.10.8}{Technical Reports and Others}{section.B.10}% 67
\BOOKMARK [2][-]{subsection.B.10.9}{Miscellaneous}{section.B.10}% 68
\BOOKMARK [1][-]{section.B.11}{Index}{appendix.B}% 69
\BOOKMARK [1][-]{section.B.12}{Adding Relevant PDF Pages}{appendix.B}% 70
\BOOKMARK [0][-]{appendix.C}{Vita}{}% 71
