This is pdfTeX, Version 3.14159265-2.6-1.40.19 (MiKTeX 2.9.6630 64-bit) (preloaded format=pdflatex 2018.5.20)  16 MAY 2019 22:42
entering extended mode
**./document.tex
(document.tex
LaTeX2e <2017-04-15>
Babel <3.18> and hyphenation patterns for 75 language(s) loaded.
(format/preamble.ltx
("C:\Users\Benjamin\AppData\Local\Programs\MiKTeX 2.9\tex\latex\memoir\memoir.c
ls"
Document Class: memoir 2018/04/04 v3.7g configurable book, report, article docu
ment class
\onelineskip=\skip41
\lxvchars=\skip42
\xlvchars=\skip43
\@memcnta=\count79
\c@@memmarkcntra=\count80

("C:\Users\Benjamin\AppData\Local\Programs\MiKTeX 2.9\tex\generic\oberdiek\ifpd
f.sty"
Package: ifpdf 2017/03/15 v3.2 Provides the ifpdf switch
)
("C:\Users\Benjamin\AppData\Local\Programs\MiKTeX 2.9\tex\latex\ifetex\ifetex.s
ty"
Package: ifetex 2018/03/31 v1.2a ifetex

("C:\Users\Benjamin\AppData\Local\Programs\MiKTeX 2.9\tex\plain\ifetex\ifetex.t
ex"))
("C:\Users\Benjamin\AppData\Local\Programs\MiKTeX 2.9\tex\generic\ifxetex\ifxet
ex.sty"
Package: ifxetex 2010/09/12 v0.6 Provides ifxetex conditional
)
("C:\Users\Benjamin\AppData\Local\Programs\MiKTeX 2.9\tex\generic\oberdiek\iflu
atex.sty"
Package: ifluatex 2016/05/16 v1.4 Provides the ifluatex switch (HO)
Package ifluatex Info: LuaTeX not detected.
)
\stockheight=\skip44
\stockwidth=\skip45
\trimtop=\skip46
\trimedge=\skip47

("C:\Users\Benjamin\AppData\Local\Programs\MiKTeX 2.9\tex\latex\memoir\mem12.cl
o"
File: mem12.clo 2010/10/19 v0.4b memoir class 12pt size option
)
\binding=\skip48
\spinemargin=\skip49
\foremargin=\skip50
\uppermargin=\skip51
\lowermargin=\skip52
\headdrop=\skip53
\normalrulethickness=\skip54
\mem@maxheadheight=\skip55
\mem@maxfootheight=\skip56
\headwidth=\skip57
\c@storedpagenumber=\count81
\memPD=\dimen102
\m@mabparskip=\skip58
\thanksmarkwidth=\skip59
\thanksmarksep=\skip60
\droptitle=\skip61
\c@book=\count82
\c@part=\count83
\c@chapter=\count84
\c@section=\count85
\c@subsection=\count86
\c@subsubsection=\count87
\c@paragraph=\count88
\c@subparagraph=\count89
\beforechapskip=\skip62
\midchapskip=\skip63
\afterchapskip=\skip64
\chapindent=\skip65
\bottomsectionskip=\skip66
\secindent=\skip67
\beforesecskip=\skip68
\aftersecskip=\skip69
\subsecindent=\skip70
\beforesubsecskip=\skip71
\aftersubsecskip=\skip72
\subsubsecindent=\skip73
\beforesubsubsecskip=\skip74
\aftersubsubsecskip=\skip75
\paraindent=\skip76
\beforeparaskip=\skip77
\afterparaskip=\skip78
\subparaindent=\skip79
\beforesubparaskip=\skip80
\aftersubparaskip=\skip81
\pfbreakskip=\skip82
\c@@ppsavesec=\count90
\c@@ppsaveapp=\count91
\ragrparindent=\dimen103
\everylistparindent=\dimen104
\parsepi=\skip83
\topsepi=\skip84
\itemsepi=\skip85
\parsepii=\skip86
\topsepii=\skip87
\topsepiii=\skip88
\itemsepii=\skip89
\itemsepiii=\skip90
\partopsepii=\skip91
\partopsepiii=\skip92
\m@msavetopsep=\skip93
\m@msavepartopsep=\skip94
\@enLab=\toks14
\abstitleskip=\skip95
\absleftindent=\skip96
\abs@leftindent=\dimen105
\absrightindent=\skip97
\absparindent=\skip98
\absparsep=\skip99
\c@vslineno=\count92
\c@poemline=\count93
\c@modulo@vs=\count94
\c@memfvsline=\count95
\vleftskip=\skip100
\vrightskip=\skip101
\stanzaskip=\skip102
\versewidth=\skip103
\vgap=\skip104
\vindent=\skip105
\vleftmargin=\dimen106
\c@verse=\count96
\c@chrsinstr=\count97
\beforepoemtitleskip=\skip106
\afterpoemtitleskip=\skip107
\c@poem=\count98
\beforePoemTitleskip=\skip108
\midPoemTitleskip=\skip109
\afterPoemTitleskip=\skip110
\col@sep=\dimen107
\extrarowheight=\dimen108
\NC@list=\toks15
\extratabsurround=\skip111
\backup@length=\skip112
\TX@col@width=\dimen109
\TX@old@table=\dimen110
\TX@old@col=\dimen111
\TX@target=\dimen112
\TX@delta=\dimen113
\TX@cols=\count99
\TX@ftn=\toks16
\heavyrulewidth=\dimen114
\lightrulewidth=\dimen115
\cmidrulewidth=\dimen116
\belowrulesep=\dimen117
\belowbottomsep=\dimen118
\aboverulesep=\dimen119
\abovetopsep=\dimen120
\cmidrulesep=\dimen121
\cmidrulekern=\dimen122
\defaultaddspace=\dimen123
\@cmidla=\count100
\@cmidlb=\count101
\@aboverulesep=\dimen124
\@belowrulesep=\dimen125
\@thisruleclass=\count102
\@lastruleclass=\count103
\@thisrulewidth=\dimen126
\ctableftskip=\skip113
\ctabrightskip=\skip114
\abovecolumnspenalty=\count104
\@linestogo=\count105
\@cellstogo=\count106
\@cellsincolumn=\count107
\crtok=\toks17
\@mincolumnwidth=\dimen127
\c@newflo@tctr=\count108
\mem@margin@floatbox=\box26
\@contcwidth=\skip115
\@contindw=\skip116
\abovecaptionskip=\skip117
\belowcaptionskip=\skip118
\subfloattopskip=\skip119
\subfloatcapskip=\skip120
\subfloatcaptopadj=\skip121
\subfloatbottomskip=\skip122
\subfloatlabelskip=\skip123
\subfloatcapmargin=\dimen128
\c@@contsubnum=\count109
\m@mscap@capbox=\box27
\m@mscap@fbox=\box28
\sidecapsep=\dimen129
\sidecapwidth=\dimen130
\m@m@tempdima=\dimen131
\m@mscapraise=\dimen132
\sidecapraise=\dimen133
\m@mscapmainwidth=\dimen134
\m@mscaplkern=\dimen135
\beforeepigraphskip=\skip124
\afterepigraphskip=\skip125
\epigraphwidth=\skip126
\epigraphrule=\skip127
LaTeX Info: Redefining \em on input line 7578.
LaTeX Info: Redefining \emph on input line 7586.
\tocentryskip=\skip128
\tocbaseline=\skip129
\cftparskip=\skip130
\cftbeforebookskip=\skip131
\cftbookindent=\dimen136
\cftbooknumwidth=\dimen137
\cftbeforepartskip=\skip132
\cftpartindent=\skip133
\cftpartnumwidth=\skip134
\cftbeforechapterskip=\skip135
\cftchapterindent=\skip136
\cftchapternumwidth=\skip137
\cftbeforesectionskip=\skip138
\cftsectionindent=\skip139
\cftsectionnumwidth=\skip140
\cftbeforesubsectionskip=\skip141
\cftsubsectionindent=\skip142
\cftsubsectionnumwidth=\skip143
\cftbeforesubsubsectionskip=\skip144
\cftsubsubsectionindent=\skip145
\cftsubsubsectionnumwidth=\skip146
\cftbeforeparagraphskip=\skip147
\cftparagraphindent=\skip148
\cftparagraphnumwidth=\skip149
\cftbeforesubparagraphskip=\skip150
\cftsubparagraphindent=\skip151
\cftsubparagraphnumwidth=\skip152
\prechapterprecisshift=\dimen138
\c@maxsecnumdepth=\count110
\bibindent=\dimen139
\bibitemsep=\skip153
\indexcolsep=\skip154
\indexrule=\skip155
\indexmarkstyle=\toks18
\@indexbox=\insert199
\glossarycolsep=\dimen140
\glossaryrule=\dimen141
\sideparvshift=\skip156
\sideins=\insert198
\sidebartopsep=\skip157
\sidebarhsep=\skip158
\sidebarvsep=\skip159
\sidebarwidth=\skip160
\footmarkwidth=\skip161
\footmarksep=\skip162
\footparindent=\skip163
\footinsdim=\skip164
\footinsv@r=\insert197
\@mpfootinsv@r=\insert196
\m@m@k=\count111
\m@m@h=\dimen142
\m@mipn@skip=\skip165
\sidefootins=\insert195
\sidefootadjust=\skip166
\sidefootheight=\skip167
\sidefoothsep=\skip168
\sidefootvsep=\skip169
\sidefootwidth=\skip170
\m@mdownsf=\skip171
\c@sidefootnote=\count112
\sidefootmarkwidth=\skip172
\sidefootmarksep=\skip173
\sidefootparindent=\skip174
\c@pagenote=\count113
\c@pagenoteshadow=\count114
\mem@pn@lastkern=\skip175
\every@verbatim=\toks19
\afterevery@verbatim=\toks20
\verbatim@line=\toks21
\tab@position=\count115
\verbatim@in@stream=\read1
\verbatimindent=\skip176
\verbatim@out=\write3
\bvboxsep=\skip177
\c@memfbvline=\count116
\c@bvlinectr=\count117
\bvnumlength=\skip178
\fb@frw=\dimen143
\fb@frh=\dimen144
\FrameRule=\dimen145
\FrameSep=\dimen146
\c@cp@cntr=\count118
LaTeX Info: Redefining \: on input line 12100.
LaTeX Info: Redefining \! on input line 12102.
\c@ism@mctr=\count119
\c@xsm@mctr=\count120
\c@csm@mctr=\count121
\c@ksm@mctr=\count122
\c@xksm@mctr=\count123
\c@cksm@mctr=\count124
\c@msm@mctr=\count125
\c@xmsm@mctr=\count126
\c@cmsm@mctr=\count127
\c@bsm@mctr=\count128
\c@workm@mctr=\count129
\c@sheetsequence=\count130
\c@lastsheet=\count131
\c@lastpage=\count132
\c@figure=\count133
\c@lofdepth=\count134
\cftbeforefigureskip=\skip179
\cftfigureindent=\skip180
\cftfigurenumwidth=\skip181
\c@table=\count135
\c@lotdepth=\count136
\cftbeforetableskip=\skip182
\cfttableindent=\skip183
\cfttablenumwidth=\skip184
Package abstract [2008/07/23] emulated by memoir.
Package appendix [2008/07/23] emulated by memoir.
Package array [2016/10/06] emulated by memoir.
Package booktabs [2016/05/16] emulated by memoir.
Package ccaption [2008/07/23] emulated by memoir.
Package changepage [2008/07/23] emulated by memoir.
Package chngcntr [2008/07/23] emulated by memoir.
Package chngpage [2008/07/23] emulated by memoir.
Package crop emulated by memoir.
Package dcolumn [2008/07/23] emulated by memoir.
Package delarray [2014/10/28] emulated by memoir.
Package enumerate [2008/07/23] emulated by memoir.
Package epigraph [2008/07/23] emulated by memoir.
Package ifmtarg [2008/07/23] emulated by memoir.
Package index [2008/07/23] emulated by memoir.
Package makeidx [2008/07/23] emulated by memoir.
Package moreverb [2008/07/23] emulated by memoir.
Package mparhack [2008/07/23] emulated by memoir.
Package needspace [2008/07/23] emulated by memoir.
Package newfile [2008/07/23] emulated by memoir.
Package nextpage [2008/07/23] emulated by memoir.
Package pagenote [2008/07/23] emulated by memoir.
Package parskip [2008/07/23] emulated by memoir.
Package patchcmd [2008/07/23] emulated by memoir.
Package setspace [2008/07/23] emulated by memoir.
Package shortvrb [2008/07/23] emulated by memoir.
Package showidx [2008/07/23] emulated by memoir.
Package tabularx [2016/02/03] emulated by memoir.
Package titleref [2008/07/23] emulated by memoir.
Package titling [2008/07/23] emulated by memoir.
Package tocbibind [2008/07/23] emulated by memoir.
Package tocloft [2008/07/23] emulated by memoir.
Package tocvsec2 [2008/07/23] emulated by memoir.
Package verbatim [2008/07/23] emulated by memoir.
Package verse [2008/07/23] emulated by memoir.
)
("C:\Users\Benjamin\AppData\Local\Programs\MiKTeX 2.9\tex\latex\placeins\placei
ns.sty"
Package: placeins 2005/04/18  v 2.2
)
("C:\Users\Benjamin\AppData\Local\Programs\MiKTeX 2.9\tex\latex\psnfss\times.st
y"
Package: times 2005/04/12 PSNFSS-v9.2a (SPQR) 
)
("C:\Users\Benjamin\AppData\Local\Programs\MiKTeX 2.9\tex\latex\amsmath\amsmath
.sty"
Package: amsmath 2017/09/02 v2.17a AMS math features
\@mathmargin=\skip185

For additional information on amsmath, use the `?' option.

("C:\Users\Benjamin\AppData\Local\Programs\MiKTeX 2.9\tex\latex\amsmath\amstext
.sty"
Package: amstext 2000/06/29 v2.01 AMS text

("C:\Users\Benjamin\AppData\Local\Programs\MiKTeX 2.9\tex\latex\amsmath\amsgen.
sty"
File: amsgen.sty 1999/11/30 v2.0 generic functions
\@emptytoks=\toks22
\ex@=\dimen147
))
("C:\Users\Benjamin\AppData\Local\Programs\MiKTeX 2.9\tex\latex\amsmath\amsbsy.
sty"
Package: amsbsy 1999/11/29 v1.2d Bold Symbols
\pmbraise@=\dimen148
)
("C:\Users\Benjamin\AppData\Local\Programs\MiKTeX 2.9\tex\latex\amsmath\amsopn.
sty"
Package: amsopn 2016/03/08 v2.02 operator names
)
\inf@bad=\count137
LaTeX Info: Redefining \frac on input line 213.
\uproot@=\count138
\leftroot@=\count139
LaTeX Info: Redefining \overline on input line 375.
\classnum@=\count140
\DOTSCASE@=\count141
LaTeX Info: Redefining \ldots on input line 472.
LaTeX Info: Redefining \dots on input line 475.
LaTeX Info: Redefining \cdots on input line 596.
\Mathstrutbox@=\box29
\strutbox@=\box30
\big@size=\dimen149
LaTeX Font Info:    Redeclaring font encoding OML on input line 712.
LaTeX Font Info:    Redeclaring font encoding OMS on input line 713.
\macc@depth=\count142
\c@MaxMatrixCols=\count143
\dotsspace@=\muskip10
\c@parentequation=\count144
\dspbrk@lvl=\count145
\tag@help=\toks23
\row@=\count146
\column@=\count147
\maxfields@=\count148
\andhelp@=\toks24
\eqnshift@=\dimen150
\alignsep@=\dimen151
\tagshift@=\dimen152
\tagwidth@=\dimen153
\totwidth@=\dimen154
\lineht@=\dimen155
\@envbody=\toks25
\multlinegap=\skip186
\multlinetaggap=\skip187
\mathdisplay@stack=\toks26
LaTeX Info: Redefining \[ on input line 2817.
LaTeX Info: Redefining \] on input line 2818.
)
("C:\Users\Benjamin\AppData\Local\Programs\MiKTeX 2.9\tex\latex\amsfonts\amssym
b.sty"
Package: amssymb 2013/01/14 v3.01 AMS font symbols

("C:\Users\Benjamin\AppData\Local\Programs\MiKTeX 2.9\tex\latex\amsfonts\amsfon
ts.sty"
Package: amsfonts 2013/01/14 v3.01 Basic AMSFonts support
\symAMSa=\mathgroup4
\symAMSb=\mathgroup5
LaTeX Font Info:    Overwriting math alphabet `\mathfrak' in version `bold'
(Font)                  U/euf/m/n --> U/euf/b/n on input line 106.
))
("C:\Users\Benjamin\AppData\Local\Programs\MiKTeX 2.9\tex\latex\isomath\isomath
.sty"
Package: isomath 2012/09/04 v0.6.1 ISO math style

("C:\Users\Benjamin\AppData\Local\Programs\MiKTeX 2.9\tex\latex\was\fixmath.sty
"
Package: fixmath 2000/04/11 v0.9 (WaS)
LaTeX Font Info:    Redeclaring math symbol \Gamma on input line 27.
LaTeX Font Info:    Redeclaring math symbol \Delta on input line 28.
LaTeX Font Info:    Redeclaring math symbol \Theta on input line 29.
LaTeX Font Info:    Redeclaring math symbol \Lambda on input line 30.
LaTeX Font Info:    Redeclaring math symbol \Xi on input line 31.
LaTeX Font Info:    Redeclaring math symbol \Pi on input line 32.
LaTeX Font Info:    Redeclaring math symbol \Sigma on input line 33.
LaTeX Font Info:    Redeclaring math symbol \Upsilon on input line 34.
LaTeX Font Info:    Redeclaring math symbol \Phi on input line 35.
LaTeX Font Info:    Redeclaring math symbol \Psi on input line 36.
LaTeX Font Info:    Redeclaring math symbol \Omega on input line 37.
LaTeX Font Info:    Redeclaring math symbol \alpha on input line 38.
LaTeX Font Info:    Redeclaring math symbol \beta on input line 39.
LaTeX Font Info:    Redeclaring math symbol \gamma on input line 40.
LaTeX Font Info:    Redeclaring math symbol \delta on input line 41.
LaTeX Font Info:    Redeclaring math symbol \epsilon on input line 42.
LaTeX Font Info:    Redeclaring math symbol \zeta on input line 43.
LaTeX Font Info:    Redeclaring math symbol \eta on input line 44.
LaTeX Font Info:    Redeclaring math symbol \theta on input line 45.
LaTeX Font Info:    Redeclaring math symbol \iota on input line 46.
LaTeX Font Info:    Redeclaring math symbol \kappa on input line 47.
LaTeX Font Info:    Redeclaring math symbol \lambda on input line 48.
LaTeX Font Info:    Redeclaring math symbol \mu on input line 49.
LaTeX Font Info:    Redeclaring math symbol \nu on input line 50.
LaTeX Font Info:    Redeclaring math symbol \xi on input line 51.
LaTeX Font Info:    Redeclaring math symbol \pi on input line 52.
LaTeX Font Info:    Redeclaring math symbol \rho on input line 53.
LaTeX Font Info:    Redeclaring math symbol \sigma on input line 54.
LaTeX Font Info:    Redeclaring math symbol \tau on input line 55.
LaTeX Font Info:    Redeclaring math symbol \upsilon on input line 56.
LaTeX Font Info:    Redeclaring math symbol \phi on input line 57.
LaTeX Font Info:    Redeclaring math symbol \chi on input line 58.
LaTeX Font Info:    Redeclaring math symbol \psi on input line 59.
LaTeX Font Info:    Redeclaring math symbol \omega on input line 60.
LaTeX Font Info:    Redeclaring math symbol \varepsilon on input line 61.
LaTeX Font Info:    Redeclaring math symbol \vartheta on input line 62.
LaTeX Font Info:    Redeclaring math symbol \varpi on input line 63.
LaTeX Font Info:    Redeclaring math symbol \varphi on input line 64.
LaTeX Font Info:    Redeclaring math symbol \varrho on input line 65.
LaTeX Font Info:    Redeclaring math symbol \varsigma on input line 66.
)
("C:\Users\Benjamin\AppData\Local\Programs\MiKTeX 2.9\tex\latex\oberdiek\kvopti
ons.sty"
Package: kvoptions 2016/05/16 v3.12 Key value format for package options (HO)

("C:\Users\Benjamin\AppData\Local\Programs\MiKTeX 2.9\tex\latex\graphics\keyval
.sty"
Package: keyval 2014/10/28 v1.15 key=value parser (DPC)
\KV@toks@=\toks27
)
("C:\Users\Benjamin\AppData\Local\Programs\MiKTeX 2.9\tex\generic\oberdiek\ltxc
mds.sty"
Package: ltxcmds 2016/05/16 v1.23 LaTeX kernel commands for general use (HO)
)
("C:\Users\Benjamin\AppData\Local\Programs\MiKTeX 2.9\tex\generic\oberdiek\kvse
tkeys.sty"
Package: kvsetkeys 2016/05/16 v1.17 Key value parser (HO)

("C:\Users\Benjamin\AppData\Local\Programs\MiKTeX 2.9\tex\generic\oberdiek\infw
arerr.sty"
Package: infwarerr 2016/05/16 v1.4 Providing info/warning/error messages (HO)
)
("C:\Users\Benjamin\AppData\Local\Programs\MiKTeX 2.9\tex\generic\oberdiek\etex
cmds.sty"
Package: etexcmds 2016/05/16 v1.6 Avoid name clashes with e-TeX commands (HO)
Package etexcmds Info: Could not find \expanded.
(etexcmds)             That can mean that you are not using pdfTeX 1.50 or
(etexcmds)             that some package has redefined \expanded.
(etexcmds)             In the latter case, load this package earlier.
)))
LaTeX Font Info:    Overwriting math alphabet `\mathsfit' in version `bold'
(Font)                  OML/cmbr/m/it --> OML/cmbr/bx/it on input line 201.
)
("C:\Users\Benjamin\AppData\Local\Programs\MiKTeX 2.9\tex\latex\jknappen\mathrs
fs.sty"
Package: mathrsfs 1996/01/01 Math RSFS package v1.0 (jk)
\symrsfs=\mathgroup6
)
("C:\Users\Benjamin\AppData\Local\Programs\MiKTeX 2.9\tex\generic\xint\xintexpr
.sty"
("C:\Users\Benjamin\AppData\Local\Programs\MiKTeX 2.9\tex\generic\xint\xintfrac
.sty"
("C:\Users\Benjamin\AppData\Local\Programs\MiKTeX 2.9\tex\generic\xint\xint.sty
"
("C:\Users\Benjamin\AppData\Local\Programs\MiKTeX 2.9\tex\generic\xint\xintcore
.sty"
("C:\Users\Benjamin\AppData\Local\Programs\MiKTeX 2.9\tex\generic\xint\xintkern
el.sty"
Package: xintkernel 2018/06/17 1.3c Paraphernalia for the xint packages (JFB)
\xint_c_ii^xiv=\count149
\xint_c_ii^xxi=\count150
)
Package: xintcore 2018/06/17 1.3c Expandable arithmetic on big integers (JFB)
\xint_c_x^viii=\count151
\xint_c_x^ix=\count152
\xint_c_x^viii_mone=\count153
\xint_c_xii_e_viii=\count154
\xint_c_xi_e_viii_mone=\count155
)
Package: xint 2018/06/17 1.3c Expandable operations on big integers (JFB)
\xint_c_nine_x^viii=\count156
)
Package: xintfrac 2018/06/17 1.3c Expandable operations on fractions (JFB)
)
("C:\Users\Benjamin\AppData\Local\Programs\MiKTeX 2.9\tex\generic\xint\xinttool
s.sty"
Package: xinttools 2018/06/17 1.3c Expandable and non-expandable utilities (JFB
)
\XINT_toks=\toks28
)
Package: xintexpr 2018/06/17 1.3c Expandable expression parser (JFB)
)
("C:\Users\Benjamin\AppData\Local\Programs\MiKTeX 2.9\tex\latex\breakcites\brea
kcites.sty")
("C:\Users\Benjamin\AppData\Local\Programs\MiKTeX 2.9\tex\latex\graphics\graphi
cx.sty"
Package: graphicx 2017/06/01 v1.1a Enhanced LaTeX Graphics (DPC,SPQR)

("C:\Users\Benjamin\AppData\Local\Programs\MiKTeX 2.9\tex\latex\graphics\graphi
cs.sty"
Package: graphics 2017/06/25 v1.2c Standard LaTeX Graphics (DPC,SPQR)

("C:\Users\Benjamin\AppData\Local\Programs\MiKTeX 2.9\tex\latex\graphics\trig.s
ty"
Package: trig 2016/01/03 v1.10 sin cos tan (DPC)
)
("C:\Users\Benjamin\AppData\Local\Programs\MiKTeX 2.9\tex\latex\graphics-cfg\gr
aphics.cfg"
File: graphics.cfg 2016/06/04 v1.11 sample graphics configuration
)
Package graphics Info: Driver file: pdftex.def on input line 99.

("C:\Users\Benjamin\AppData\Local\Programs\MiKTeX 2.9\tex\latex\graphics-def\pd
ftex.def"
File: pdftex.def 2018/01/08 v1.0l Graphics/color driver for pdftex
))
\Gin@req@height=\dimen156
\Gin@req@width=\dimen157
)
("C:\Users\Benjamin\AppData\Local\Programs\MiKTeX 2.9\tex\latex\tools\multicol.
sty"
Package: multicol 2017/04/11 v1.8q multicolumn formatting (FMi)
\c@tracingmulticols=\count157
\mult@box=\box31
\multicol@leftmargin=\dimen158
\c@unbalance=\count158
\c@collectmore=\count159
\doublecol@number=\count160
\multicoltolerance=\count161
\multicolpretolerance=\count162
\full@width=\dimen159
\page@free=\dimen160
\premulticols=\dimen161
\postmulticols=\dimen162
\multicolsep=\skip188
\multicolbaselineskip=\skip189
\partial@page=\box32
\last@line=\box33
\maxbalancingoverflow=\dimen163
\mult@rightbox=\box34
\mult@grightbox=\box35
\mult@gfirstbox=\box36
\mult@firstbox=\box37
\@tempa=\box38
\@tempa=\box39
\@tempa=\box40
\@tempa=\box41
\@tempa=\box42
\@tempa=\box43
\@tempa=\box44
\@tempa=\box45
\@tempa=\box46
\@tempa=\box47
\@tempa=\box48
\@tempa=\box49
\@tempa=\box50
\@tempa=\box51
\@tempa=\box52
\@tempa=\box53
\@tempa=\box54
\c@columnbadness=\count163
\c@finalcolumnbadness=\count164
\last@try=\dimen164
\multicolovershoot=\dimen165
\multicolundershoot=\dimen166
\mult@nat@firstbox=\box55
\colbreak@box=\box56
\mc@col@check@num=\count165
)
("C:\Users\Benjamin\AppData\Local\Programs\MiKTeX 2.9\tex\latex\multirow\multir
ow.sty"
Package: multirow 2016/11/25 v2.2 Span multiple rows of a table
\multirow@colwidth=\skip190
\multirow@cntb=\count166
\multirow@dima=\skip191
\bigstrutjot=\dimen167
)
("C:\Users\Benjamin\AppData\Local\Programs\MiKTeX 2.9\tex\latex\graphics\rotati
ng.sty"
Package: rotating 2016/08/11 v2.16d rotated objects in LaTeX

("C:\Users\Benjamin\AppData\Local\Programs\MiKTeX 2.9\tex\latex\base\ifthen.sty
"
Package: ifthen 2014/09/29 v1.1c Standard LaTeX ifthen package (DPC)
)
\c@r@tfl@t=\count167
\rotFPtop=\skip192
\rotFPbot=\skip193
\rot@float@box=\box57
\rot@mess@toks=\toks29
)
("C:\Users\Benjamin\AppData\Local\Programs\MiKTeX 2.9\tex\latex\oberdiek\pdflsc
ape.sty"
Package: pdflscape 2016/05/14 v0.11 Display of landscape pages in PDF (HO)

("C:\Users\Benjamin\AppData\Local\Programs\MiKTeX 2.9\tex\latex\graphics\lscape
.sty"
Package: lscape 2000/10/22 v3.01 Landscape Pages (DPC)
)
Package pdflscape Info: Auto-detected driver: pdftex on input line 81.
)
("C:\Users\Benjamin\AppData\Local\Programs\MiKTeX 2.9\tex\latex\mdwtools\mdwtab
.sty"
Package: mdwtab 1998/04/28 1.9 Table typesetting with style
\tab@state=\count168
\tab@columns=\count169
\tab@preamble=\toks30
\tab@shortline=\toks31
\extrarowheight=\dimen168
\tabextrasep=\dimen169
\arrayextrasep=\dimen170
\smarraycolsep=\dimen171
\smarrayextrasep=\dimen172
\tab@width=\dimen173
\col@sep=\dimen174
\tab@endheight=\dimen175
\tab@leftskip=\skip194
\tab@rightskip=\skip256
\fn@notes=\box58
\fn@width=\dimen176
)
("C:\Users\Benjamin\AppData\Local\Programs\MiKTeX 2.9\tex\latex\ltablex\ltablex
.sty"
Package: ltablex 2014/08/13 v1.1 Modified tabularx

("C:\Users\Benjamin\AppData\Local\Programs\MiKTeX 2.9\tex\latex\tools\longtable
.sty"
Package: longtable 2014/10/28 v4.11 Multi-page Table package (DPC)
\LTleft=\skip257
\LTright=\skip258
\LTpre=\skip259
\LTpost=\skip260
\LTchunksize=\count170
\LTcapwidth=\dimen177
\LT@head=\box59
\LT@firsthead=\box60
\LT@foot=\box61
\LT@lastfoot=\box62
\LT@cols=\count171
\LT@rows=\count172
\c@LT@tables=\count173
\c@LT@chunks=\count174
\LT@p@ftn=\toks32
))
("C:\Users\Benjamin\AppData\Local\Programs\MiKTeX 2.9\tex\latex\eqparbox\eqparb
ox.sty"
Package: eqparbox 2017/09/03 v4.1 Create equal-widthed boxes
\eqp@tempdima=\skip261
\eqp@tempdimb=\skip262
\eqp@tabular@box=\box63
\eqp@list@box=\box64
\eqp@list@indent=\skip263

("C:\Users\Benjamin\AppData\Local\Programs\MiKTeX 2.9\tex\latex\environ\environ
.sty"
Package: environ 2014/05/04 v0.3 A new way to define environments

("C:\Users\Benjamin\AppData\Local\Programs\MiKTeX 2.9\tex\latex\trimspaces\trim
spaces.sty"
Package: trimspaces 2009/09/17 v1.1 Trim spaces around a token list
)))

Class memoir Warning: You are using the caption package with the memoir class. 
To prepare we will now reset all captioning macros and configurations to kernel
 defaults, and then let the caption package take over. Please remember to use
 the caption package interfaces in order to
 configure your captions.


("C:\Users\Benjamin\AppData\Local\Programs\MiKTeX 2.9\tex\latex\caption\caption
.sty"
Package: caption 2018/10/06 v3.3-154 Customizing captions (AR)

("C:\Users\Benjamin\AppData\Local\Programs\MiKTeX 2.9\tex\latex\caption\caption
3.sty"
Package: caption3 2018/09/12 v1.8c caption3 kernel (AR)
Package caption3 Info: TeX engine: e-TeX on input line 64.
\captionmargin=\dimen178
\captionmargin@=\dimen179
\captionwidth=\dimen180
\caption@tempdima=\dimen181
\caption@indent=\dimen182
\caption@parindent=\dimen183
\caption@hangindent=\dimen184
)
\c@caption@flags=\count175
\c@ContinuedFloat=\count176
Package caption Info: longtable package is loaded.

("C:\Users\Benjamin\AppData\Local\Programs\MiKTeX 2.9\tex\latex\caption\ltcapti
on.sty"
Package: ltcaption 2018/08/26 v1.4-95 longtable captions (AR)
)
Package caption Info: rotating package is loaded.
)
("C:\Users\Benjamin\AppData\Local\Programs\MiKTeX 2.9\tex\latex\excludeonly\exc
ludeonly.sty"
Package: excludeonly 2003/03/14 v1.0 eponymous command opposite to \includeonly

)
("C:\Users\Benjamin\AppData\Local\Programs\MiKTeX 2.9\tex\latex\microtype\micro
type.sty"
Package: microtype 2018/01/14 v2.7a Micro-typographical refinements (RS)
\MT@toks=\toks33
\MT@count=\count177
LaTeX Info: Redefining \textls on input line 793.
\MT@outer@kern=\dimen185
LaTeX Info: Redefining \textmicrotypecontext on input line 1339.
\MT@listname@count=\count178

("C:\Users\Benjamin\AppData\Local\Programs\MiKTeX 2.9\tex\latex\microtype\micro
type-pdftex.def"
File: microtype-pdftex.def 2018/01/14 v2.7a Definitions specific to pdftex (RS)

LaTeX Info: Redefining \lsstyle on input line 913.
LaTeX Info: Redefining \lslig on input line 913.
\MT@outer@space=\skip264
)
Package microtype Info: Loading configuration file microtype.cfg.

("C:\Users\Benjamin\AppData\Local\Programs\MiKTeX 2.9\tex\latex\microtype\micro
type.cfg"
File: microtype.cfg 2018/01/14 v2.7a microtype main configuration file (RS)
))
("C:\Users\Benjamin\AppData\Local\Programs\MiKTeX 2.9\tex\latex\textcase\textca
se.sty"
Package: textcase 2004/10/07 v0.07 Text only upper/lower case changing (DPC)
LaTeX Info: Redefining \MakeTextUppercase on input line 47.
LaTeX Info: Redefining \MakeTextLowercase on input line 50.
)
("C:\Users\Benjamin\AppData\Local\Programs\MiKTeX 2.9\tex\latex\blindtext\blind
text.sty"
Package: blindtext 2012/01/06 V2.0 blindtext-Package

("C:\Users\Benjamin\AppData\Local\Programs\MiKTeX 2.9\tex\latex\tools\xspace.st
y"
Package: xspace 2014/10/28 v1.13 Space after command names (DPC,MH)
)
\c@blindtext=\count179
\c@Blindtext=\count180
\c@blind@countparstart=\count181
\blind@countxx=\count182
\blindtext@numBlindtext=\count183
\blind@countyy=\count184
\c@blindlist=\count185
\c@blindlistlevel=\count186
\c@blindlist@level=\count187
\blind@listitem=\count188
\c@blind@listcount=\count189
\c@blind@levelcount=\count190
\blind@mathformula=\count191
\blind@Mathformula=\count192
\c@blind@randomcount=\count193
\c@blind@randommax=\count194
\c@blind@pangramcount=\count266
\c@blind@pangrammax=\count267
)
("C:\Users\Benjamin\AppData\Local\Programs\MiKTeX 2.9\tex\latex\datetime\dateti
me.sty"
Package: datetime 2015/03/20 v2.60 Date Time Package

("C:\Users\Benjamin\AppData\Local\Programs\MiKTeX 2.9\tex\latex\etoolbox\etoolb
ox.sty"
Package: etoolbox 2018/08/19 v2.5f e-TeX tools for LaTeX (JAW)
\etb@tempcnta=\count268
)
("C:\Users\Benjamin\AppData\Local\Programs\MiKTeX 2.9\tex\latex\fmtcount\fmtcou
nt.sty"
Package: fmtcount 2017/12/24 v3.05

("C:\Users\Benjamin\AppData\Local\Programs\MiKTeX 2.9\tex\latex\xkeyval\xkeyval
.sty"
Package: xkeyval 2014/12/03 v2.7a package option processing (HA)

("C:\Users\Benjamin\AppData\Local\Programs\MiKTeX 2.9\tex\generic\xkeyval\xkeyv
al.tex"
("C:\Users\Benjamin\AppData\Local\Programs\MiKTeX 2.9\tex\generic\xkeyval\xkvut
ils.tex"
\XKV@toks=\toks34
\XKV@tempa@toks=\toks35
)
\XKV@depth=\count269
File: xkeyval.tex 2014/12/03 v2.7a key=value parser (HA)
))
("C:\Users\Benjamin\AppData\Local\Programs\MiKTeX 2.9\tex\latex\fmtcount\fcpref
ix.sty"
Package: fcprefix 2012/09/28

("C:\Users\Benjamin\AppData\Local\Programs\MiKTeX 2.9\tex\latex\fmtcount\fcnump
arser.sty"
Package: fcnumparser 2017/06/15
\fc@digit@counter=\count270
))
\c@padzeroesN=\count271
\fc@tmpcatcode=\count272
\@DT@modctr=\count273
\@ordinalctr=\count274
\@orgargctr=\count275
\@strctr=\count276
\@tmpstrctr=\count277
\@DT@loopN=\count278
\@DT@X=\count279


Package fmtcount Warning: \ordinal already defined use \FCordinal instead. on i
nput line 484.

)
("C:\Users\Benjamin\AppData\Local\Programs\MiKTeX 2.9\tex\latex\datetime\dateti
me-defaults.sty"
Package: datetime-defaults 2013/09/10
)
\@day=\count280
\@month=\count281
\@year=\count282
\c@HOUR=\count283
\c@HOURXII=\count284
\c@MINUTE=\count285
\c@TOHOUR=\count286
\c@TOMINUTE=\count287
\c@SECOND=\count288
\currenthour=\count289
\currentminute=\count290
\currentsecond=\count291
Package datetime Info: No datetime.cfg file found, using default settings on in
put line 308.
\@dtctr=\count292
\dayofyear=\count293
\dayofweek=\count294
LaTeX Info: Redefining \today on input line 736.
\dt@a=\toks36
\dt@b=\toks37
)
("C:\Users\Benjamin\AppData\Local\Programs\MiKTeX 2.9\tex\latex\comment\comment
.sty"
\CommentStream=\write4
 Excluding comment 'comment')
("C:\Users\Benjamin\AppData\Local\Programs\MiKTeX 2.9\tex\latex\notoccite\notoc
cite.sty"
Package: notoccite 2000/07/20
)
("C:\Users\Benjamin\AppData\Local\Programs\MiKTeX 2.9\tex\latex\graphics\color.
sty"
Package: color 2016/07/10 v1.1e Standard LaTeX Color (DPC)

("C:\Users\Benjamin\AppData\Local\Programs\MiKTeX 2.9\tex\latex\graphics-cfg\co
lor.cfg"
File: color.cfg 2016/01/02 v1.6 sample color configuration
)
Package color Info: Driver file: pdftex.def on input line 147.
)
("C:\Users\Benjamin\AppData\Local\Programs\MiKTeX 2.9\tex\latex\xcolor\xcolor.s
ty"
Package: xcolor 2016/05/11 v2.12 LaTeX color extensions (UK)

("C:\Users\Benjamin\AppData\Local\Programs\MiKTeX 2.9\tex\latex\graphics-cfg\co
lor.cfg"
File: color.cfg 2016/01/02 v1.6 sample color configuration
)
Package xcolor Info: Driver file: pdftex.def on input line 225.
LaTeX Info: Redefining \color on input line 709.
Package xcolor Info: Model `cmy' substituted by `cmy0' on input line 1348.
Package xcolor Info: Model `hsb' substituted by `rgb' on input line 1352.
Package xcolor Info: Model `RGB' extended on input line 1364.
Package xcolor Info: Model `HTML' substituted by `rgb' on input line 1366.
Package xcolor Info: Model `Hsb' substituted by `hsb' on input line 1367.
Package xcolor Info: Model `tHsb' substituted by `hsb' on input line 1368.
Package xcolor Info: Model `HSB' substituted by `hsb' on input line 1369.
Package xcolor Info: Model `Gray' substituted by `gray' on input line 1370.
Package xcolor Info: Model `wave' substituted by `hsb' on input line 1371.
)
("C:\Users\Benjamin\AppData\Local\Programs\MiKTeX 2.9\tex\latex\titlesec\titlet
oc.sty"
Package: titletoc 2011/12/15 v1.6 TOC entries
\ttl@leftsep=\dimen186
)
("C:\Users\Benjamin\AppData\Local\Programs\MiKTeX 2.9\tex\latex\hyperref\hyperr
ef.sty"
Package: hyperref 2018/02/06 v6.86b Hypertext links for LaTeX

("C:\Users\Benjamin\AppData\Local\Programs\MiKTeX 2.9\tex\generic\oberdiek\hobs
ub-hyperref.sty"
Package: hobsub-hyperref 2016/05/16 v1.14 Bundle oberdiek, subset hyperref (HO)


("C:\Users\Benjamin\AppData\Local\Programs\MiKTeX 2.9\tex\generic\oberdiek\hobs
ub-generic.sty"
Package: hobsub-generic 2016/05/16 v1.14 Bundle oberdiek, subset generic (HO)
Package: hobsub 2016/05/16 v1.14 Construct package bundles (HO)
Package hobsub Info: Skipping package `infwarerr' (already loaded).
Package hobsub Info: Skipping package `ltxcmds' (already loaded).
Package hobsub Info: Skipping package `ifluatex' (already loaded).
Package: ifvtex 2016/05/16 v1.6 Detect VTeX and its facilities (HO)
Package ifvtex Info: VTeX not detected.
Package: intcalc 2016/05/16 v1.2 Expandable calculations with integers (HO)
Package hobsub Info: Skipping package `ifpdf' (already loaded).
Package hobsub Info: Skipping package `etexcmds' (already loaded).
Package hobsub Info: Skipping package `kvsetkeys' (already loaded).
Package: kvdefinekeys 2016/05/16 v1.4 Define keys (HO)
Package: pdftexcmds 2018/01/21 v0.26 Utility functions of pdfTeX for LuaTeX (HO
)
Package pdftexcmds Info: LuaTeX not detected.
Package pdftexcmds Info: \pdf@primitive is available.
Package pdftexcmds Info: \pdf@ifprimitive is available.
Package pdftexcmds Info: \pdfdraftmode found.
Package: pdfescape 2016/05/16 v1.14 Implements pdfTeX's escape features (HO)
Package: bigintcalc 2016/05/16 v1.4 Expandable calculations on big integers (HO
)
Package: bitset 2016/05/16 v1.2 Handle bit-vector datatype (HO)
Package: uniquecounter 2016/05/16 v1.3 Provide unlimited unique counter (HO)
)
Package hobsub Info: Skipping package `hobsub' (already loaded).
Package: letltxmacro 2016/05/16 v1.5 Let assignment for LaTeX macros (HO)
Package: hopatch 2016/05/16 v1.3 Wrapper for package hooks (HO)
Package: xcolor-patch 2016/05/16 xcolor patch
Package: atveryend 2016/05/16 v1.9 Hooks at the very end of document (HO)
Package: atbegshi 2016/06/09 v1.18 At begin shipout hook (HO)
Package: refcount 2016/05/16 v3.5 Data extraction from label references (HO)
Package: hycolor 2016/05/16 v1.8 Color options for hyperref/bookmark (HO)
)
("C:\Users\Benjamin\AppData\Local\Programs\MiKTeX 2.9\tex\latex\oberdiek\auxhoo
k.sty"
Package: auxhook 2016/05/16 v1.4 Hooks for auxiliary files (HO)
)
\@linkdim=\dimen187
\Hy@linkcounter=\count295
\Hy@pagecounter=\count296

("C:\Users\Benjamin\AppData\Local\Programs\MiKTeX 2.9\tex\latex\hyperref\pd1enc
.def"
File: pd1enc.def 2018/02/06 v6.86b Hyperref: PDFDocEncoding definition (HO)
)
\Hy@SavedSpaceFactor=\count297

("C:\Users\Benjamin\AppData\Local\Programs\MiKTeX 2.9\tex\latex\00miktex\hyperr
ef.cfg"
File: hyperref.cfg 2002/06/06 v1.2 hyperref configuration of TeXLive
)
Package hyperref Info: Option `final' set `true' on input line 4383.
Package hyperref Info: Hyper figures OFF on input line 4509.
Package hyperref Info: Link nesting OFF on input line 4514.
Package hyperref Info: Hyper index ON on input line 4517.
Package hyperref Info: Plain pages OFF on input line 4524.
Package hyperref Info: Backreferencing OFF on input line 4529.
Package hyperref Info: Implicit mode ON; LaTeX internals redefined.
Package hyperref Info: Bookmarks ON on input line 4762.
\c@Hy@tempcnt=\count298

("C:\Users\Benjamin\AppData\Local\Programs\MiKTeX 2.9\tex\latex\url\url.sty"
\Urlmuskip=\muskip11
Package: url 2013/09/16  ver 3.4  Verb mode for urls, etc.
)
LaTeX Info: Redefining \url on input line 5115.
\XeTeXLinkMargin=\dimen188
\Fld@menulength=\count299
\Field@Width=\dimen189
\Fld@charsize=\dimen190
Package hyperref Info: Hyper figures OFF on input line 6369.
Package hyperref Info: Link nesting OFF on input line 6374.
Package hyperref Info: Hyper index ON on input line 6377.
Package hyperref Info: backreferencing OFF on input line 6384.
Package hyperref Info: Link coloring OFF on input line 6389.
Package hyperref Info: Link coloring with OCG OFF on input line 6394.
Package hyperref Info: PDF/A mode OFF on input line 6399.
LaTeX Info: Redefining \ref on input line 6439.
LaTeX Info: Redefining \pageref on input line 6443.
\Hy@abspage=\count300
\c@Item=\count301
\c@Hfootnote=\count302
)
("C:\Users\Benjamin\AppData\Local\Programs\MiKTeX 2.9\tex\latex\memoir\memhfixc
.sty"
Package: memhfixc 2013/05/30 v1.17 nameref/hyperref package fixes for memoir cl
ass
\c@memhycontfloat=\count303
\c@Hpagenote=\count304
)
Package hyperref Info: Driver (autodetected): hpdftex.

("C:\Users\Benjamin\AppData\Local\Programs\MiKTeX 2.9\tex\latex\hyperref\hpdfte
x.def"
File: hpdftex.def 2018/02/06 v6.86b Hyperref driver for pdfTeX
\Fld@listcount=\count305
\c@bookmark@seq@number=\count306

("C:\Users\Benjamin\AppData\Local\Programs\MiKTeX 2.9\tex\latex\oberdiek\rerunf
ilecheck.sty"
Package: rerunfilecheck 2016/05/16 v1.8 Rerun checks for auxiliary files (HO)
Package uniquecounter Info: New unique counter `rerunfilecheck' on input line 2
82.
)
\Hy@SectionHShift=\skip265
)
("C:\Users\Benjamin\AppData\Local\Programs\MiKTeX 2.9\tex\latex\pdfpages\pdfpag
es.sty"
Package: pdfpages 2017/10/31 v0.5l Insert pages of external PDF documents (AM)

("C:\Users\Benjamin\AppData\Local\Programs\MiKTeX 2.9\tex\latex\tools\calc.sty"
Package: calc 2014/10/28 v4.3 Infix arithmetic (KKT,FJ)
\calc@Acount=\count307
\calc@Bcount=\count308
\calc@Adimen=\dimen191
\calc@Bdimen=\dimen192
\calc@Askip=\skip266
\calc@Bskip=\skip267
LaTeX Info: Redefining \setlength on input line 80.
LaTeX Info: Redefining \addtolength on input line 81.
\calc@Ccount=\count309
\calc@Cskip=\skip268
)
("C:\Users\Benjamin\AppData\Local\Programs\MiKTeX 2.9\tex\latex\eso-pic\eso-pic
.sty"
Package: eso-pic 2018/04/12 v2.0h eso-pic (RN)
)
\AM@pagewidth=\dimen193
\AM@pageheight=\dimen194

("C:\Users\Benjamin\AppData\Local\Programs\MiKTeX 2.9\tex\latex\pdfpages\pppdft
ex.def"
File: pppdftex.def 2017/10/31 v0.5l Pdfpages driver for pdfTeX (AM)
)
\AM@pagebox=\box65
\AM@global@opts=\toks38
\AM@toc@title=\toks39
\c@AM@survey=\count310
\AM@templatesizebox=\box66
)
("C:\Users\Benjamin\AppData\Local\Programs\MiKTeX 2.9\tex\latex\soul\soul.sty"
Package: soul 2003/11/17 v2.4 letterspacing/underlining (mf)
\SOUL@word=\toks40
\SOUL@lasttoken=\toks41
\SOUL@cmds=\toks42
\SOUL@buffer=\toks43
\SOUL@token=\toks44
\SOUL@spaceskip=\skip269
\SOUL@ttwidth=\dimen256
\SOUL@uldp=\dimen257
\SOUL@ulht=\dimen258
)
("C:\Users\Benjamin\AppData\Local\Programs\MiKTeX 2.9\tex\latex\algorithms\algo
rithmic.sty"
Package: algorithmic 2009/08/24 v0.1 Document Style `algorithmic'
\c@ALC@unique=\count311
\c@ALC@line=\count312
\c@ALC@rem=\count313
\c@ALC@depth=\count314
\ALC@tlm=\skip270
\algorithmicindent=\skip271
)
("C:\Users\Benjamin\AppData\Local\Programs\MiKTeX 2.9\tex\latex\pgf\frontendlay
er\tikz.sty"
("C:\Users\Benjamin\AppData\Local\Programs\MiKTeX 2.9\tex\latex\pgf\basiclayer\
pgf.sty"
("C:\Users\Benjamin\AppData\Local\Programs\MiKTeX 2.9\tex\latex\pgf\utilities\p
gfrcs.sty"
("C:\Users\Benjamin\AppData\Local\Programs\MiKTeX 2.9\tex\generic\pgf\utilities
\pgfutil-common.tex"
\pgfutil@everybye=\toks45
\pgfutil@tempdima=\dimen259
\pgfutil@tempdimb=\dimen260

("C:\Users\Benjamin\AppData\Local\Programs\MiKTeX 2.9\tex\generic\pgf\utilities
\pgfutil-common-lists.tex"))
("C:\Users\Benjamin\AppData\Local\Programs\MiKTeX 2.9\tex\generic\pgf\utilities
\pgfutil-latex.def"
\pgfutil@abb=\box67

("C:\Users\Benjamin\AppData\Local\Programs\MiKTeX 2.9\tex\latex\ms\everyshi.sty
"
Package: everyshi 2001/05/15 v3.00 EveryShipout Package (MS)
))
("C:\Users\Benjamin\AppData\Local\Programs\MiKTeX 2.9\tex\generic\pgf\utilities
\pgfrcs.code.tex"
Package: pgfrcs 2015/08/07 v3.0.1a (rcs-revision 1.31)
))
Package: pgf 2015/08/07 v3.0.1a (rcs-revision 1.15)

("C:\Users\Benjamin\AppData\Local\Programs\MiKTeX 2.9\tex\latex\pgf\basiclayer\
pgfcore.sty"
("C:\Users\Benjamin\AppData\Local\Programs\MiKTeX 2.9\tex\latex\pgf\systemlayer
\pgfsys.sty"
("C:\Users\Benjamin\AppData\Local\Programs\MiKTeX 2.9\tex\generic\pgf\systemlay
er\pgfsys.code.tex"
Package: pgfsys 2014/07/09 v3.0.1a (rcs-revision 1.48)

("C:\Users\Benjamin\AppData\Local\Programs\MiKTeX 2.9\tex\generic\pgf\utilities
\pgfkeys.code.tex"
\pgfkeys@pathtoks=\toks46
\pgfkeys@temptoks=\toks47

("C:\Users\Benjamin\AppData\Local\Programs\MiKTeX 2.9\tex\generic\pgf\utilities
\pgfkeysfiltered.code.tex"
\pgfkeys@tmptoks=\toks48
))
\pgf@x=\dimen261
\pgf@y=\dimen262
\pgf@xa=\dimen263
\pgf@ya=\dimen264
\pgf@xb=\dimen265
\pgf@yb=\dimen266
\pgf@xc=\dimen267
\pgf@yc=\dimen268
\w@pgf@writea=\write5
\r@pgf@reada=\read2
\c@pgf@counta=\count315
\c@pgf@countb=\count316
\c@pgf@countc=\count317
\c@pgf@countd=\count318
\t@pgf@toka=\toks49
\t@pgf@tokb=\toks50
\t@pgf@tokc=\toks51

("C:\Users\Benjamin\AppData\Local\Programs\MiKTeX 2.9\tex\generic\pgf\systemlay
er\pgf.cfg"
File: pgf.cfg 2008/05/14  (rcs-revision 1.7)
)
Driver file for pgf: pgfsys-pdftex.def

("C:\Users\Benjamin\AppData\Local\Programs\MiKTeX 2.9\tex\generic\pgf\systemlay
er\pgfsys-pdftex.def"
File: pgfsys-pdftex.def 2014/10/11  (rcs-revision 1.35)

("C:\Users\Benjamin\AppData\Local\Programs\MiKTeX 2.9\tex\generic\pgf\systemlay
er\pgfsys-common-pdf.def"
File: pgfsys-common-pdf.def 2013/10/10  (rcs-revision 1.13)
)))
("C:\Users\Benjamin\AppData\Local\Programs\MiKTeX 2.9\tex\generic\pgf\systemlay
er\pgfsyssoftpath.code.tex"
File: pgfsyssoftpath.code.tex 2013/09/09  (rcs-revision 1.9)
\pgfsyssoftpath@smallbuffer@items=\count319
\pgfsyssoftpath@bigbuffer@items=\count320
)
("C:\Users\Benjamin\AppData\Local\Programs\MiKTeX 2.9\tex\generic\pgf\systemlay
er\pgfsysprotocol.code.tex"
File: pgfsysprotocol.code.tex 2006/10/16  (rcs-revision 1.4)
))
("C:\Users\Benjamin\AppData\Local\Programs\MiKTeX 2.9\tex\generic\pgf\basiclaye
r\pgfcore.code.tex"
Package: pgfcore 2010/04/11 v3.0.1a (rcs-revision 1.7)

("C:\Users\Benjamin\AppData\Local\Programs\MiKTeX 2.9\tex\generic\pgf\math\pgfm
ath.code.tex"
("C:\Users\Benjamin\AppData\Local\Programs\MiKTeX 2.9\tex\generic\pgf\math\pgfm
athcalc.code.tex"
("C:\Users\Benjamin\AppData\Local\Programs\MiKTeX 2.9\tex\generic\pgf\math\pgfm
athutil.code.tex")
("C:\Users\Benjamin\AppData\Local\Programs\MiKTeX 2.9\tex\generic\pgf\math\pgfm
athparser.code.tex"
\pgfmath@dimen=\dimen269
\pgfmath@count=\count321
\pgfmath@box=\box68
\pgfmath@toks=\toks52
\pgfmath@stack@operand=\toks53
\pgfmath@stack@operation=\toks54
)
("C:\Users\Benjamin\AppData\Local\Programs\MiKTeX 2.9\tex\generic\pgf\math\pgfm
athfunctions.code.tex"
("C:\Users\Benjamin\AppData\Local\Programs\MiKTeX 2.9\tex\generic\pgf\math\pgfm
athfunctions.basic.code.tex")
("C:\Users\Benjamin\AppData\Local\Programs\MiKTeX 2.9\tex\generic\pgf\math\pgfm
athfunctions.trigonometric.code.tex")
("C:\Users\Benjamin\AppData\Local\Programs\MiKTeX 2.9\tex\generic\pgf\math\pgfm
athfunctions.random.code.tex")
("C:\Users\Benjamin\AppData\Local\Programs\MiKTeX 2.9\tex\generic\pgf\math\pgfm
athfunctions.comparison.code.tex")
("C:\Users\Benjamin\AppData\Local\Programs\MiKTeX 2.9\tex\generic\pgf\math\pgfm
athfunctions.base.code.tex")
("C:\Users\Benjamin\AppData\Local\Programs\MiKTeX 2.9\tex\generic\pgf\math\pgfm
athfunctions.round.code.tex")
("C:\Users\Benjamin\AppData\Local\Programs\MiKTeX 2.9\tex\generic\pgf\math\pgfm
athfunctions.misc.code.tex")
("C:\Users\Benjamin\AppData\Local\Programs\MiKTeX 2.9\tex\generic\pgf\math\pgfm
athfunctions.integerarithmetics.code.tex")))
("C:\Users\Benjamin\AppData\Local\Programs\MiKTeX 2.9\tex\generic\pgf\math\pgfm
athfloat.code.tex"
\c@pgfmathroundto@lastzeros=\count322
))
("C:\Users\Benjamin\AppData\Local\Programs\MiKTeX 2.9\tex\generic\pgf\basiclaye
r\pgfcorepoints.code.tex"
File: pgfcorepoints.code.tex 2013/10/07  (rcs-revision 1.27)
\pgf@picminx=\dimen270
\pgf@picmaxx=\dimen271
\pgf@picminy=\dimen272
\pgf@picmaxy=\dimen273
\pgf@pathminx=\dimen274
\pgf@pathmaxx=\dimen275
\pgf@pathminy=\dimen276
\pgf@pathmaxy=\dimen277
\pgf@xx=\dimen278
\pgf@xy=\dimen279
\pgf@yx=\dimen280
\pgf@yy=\dimen281
\pgf@zx=\dimen282
\pgf@zy=\dimen283
)
("C:\Users\Benjamin\AppData\Local\Programs\MiKTeX 2.9\tex\generic\pgf\basiclaye
r\pgfcorepathconstruct.code.tex"
File: pgfcorepathconstruct.code.tex 2013/10/07  (rcs-revision 1.29)
\pgf@path@lastx=\dimen284
\pgf@path@lasty=\dimen285
)
("C:\Users\Benjamin\AppData\Local\Programs\MiKTeX 2.9\tex\generic\pgf\basiclaye
r\pgfcorepathusage.code.tex"
File: pgfcorepathusage.code.tex 2014/11/02  (rcs-revision 1.24)
\pgf@shorten@end@additional=\dimen286
\pgf@shorten@start@additional=\dimen287
)
("C:\Users\Benjamin\AppData\Local\Programs\MiKTeX 2.9\tex\generic\pgf\basiclaye
r\pgfcorescopes.code.tex"
File: pgfcorescopes.code.tex 2015/05/08  (rcs-revision 1.46)
\pgfpic=\box69
\pgf@hbox=\box70
\pgf@layerbox@main=\box71
\pgf@picture@serial@count=\count323
)
("C:\Users\Benjamin\AppData\Local\Programs\MiKTeX 2.9\tex\generic\pgf\basiclaye
r\pgfcoregraphicstate.code.tex"
File: pgfcoregraphicstate.code.tex 2014/11/02  (rcs-revision 1.12)
\pgflinewidth=\dimen288
)
("C:\Users\Benjamin\AppData\Local\Programs\MiKTeX 2.9\tex\generic\pgf\basiclaye
r\pgfcoretransformations.code.tex"
File: pgfcoretransformations.code.tex 2015/08/07  (rcs-revision 1.20)
\pgf@pt@x=\dimen289
\pgf@pt@y=\dimen290
\pgf@pt@temp=\dimen291
)
("C:\Users\Benjamin\AppData\Local\Programs\MiKTeX 2.9\tex\generic\pgf\basiclaye
r\pgfcorequick.code.tex"
File: pgfcorequick.code.tex 2008/10/09  (rcs-revision 1.3)
)
("C:\Users\Benjamin\AppData\Local\Programs\MiKTeX 2.9\tex\generic\pgf\basiclaye
r\pgfcoreobjects.code.tex"
File: pgfcoreobjects.code.tex 2006/10/11  (rcs-revision 1.2)
)
("C:\Users\Benjamin\AppData\Local\Programs\MiKTeX 2.9\tex\generic\pgf\basiclaye
r\pgfcorepathprocessing.code.tex"
File: pgfcorepathprocessing.code.tex 2013/09/09  (rcs-revision 1.9)
)
("C:\Users\Benjamin\AppData\Local\Programs\MiKTeX 2.9\tex\generic\pgf\basiclaye
r\pgfcorearrows.code.tex"
File: pgfcorearrows.code.tex 2015/05/14  (rcs-revision 1.43)
\pgfarrowsep=\dimen292
)
("C:\Users\Benjamin\AppData\Local\Programs\MiKTeX 2.9\tex\generic\pgf\basiclaye
r\pgfcoreshade.code.tex"
File: pgfcoreshade.code.tex 2013/07/15  (rcs-revision 1.15)
\pgf@max=\dimen293
\pgf@sys@shading@range@num=\count324
)
("C:\Users\Benjamin\AppData\Local\Programs\MiKTeX 2.9\tex\generic\pgf\basiclaye
r\pgfcoreimage.code.tex"
File: pgfcoreimage.code.tex 2013/07/15  (rcs-revision 1.18)

("C:\Users\Benjamin\AppData\Local\Programs\MiKTeX 2.9\tex\generic\pgf\basiclaye
r\pgfcoreexternal.code.tex"
File: pgfcoreexternal.code.tex 2014/07/09  (rcs-revision 1.21)
\pgfexternal@startupbox=\box72
))
("C:\Users\Benjamin\AppData\Local\Programs\MiKTeX 2.9\tex\generic\pgf\basiclaye
r\pgfcorelayers.code.tex"
File: pgfcorelayers.code.tex 2013/07/18  (rcs-revision 1.7)
)
("C:\Users\Benjamin\AppData\Local\Programs\MiKTeX 2.9\tex\generic\pgf\basiclaye
r\pgfcoretransparency.code.tex"
File: pgfcoretransparency.code.tex 2013/09/30  (rcs-revision 1.5)
)
("C:\Users\Benjamin\AppData\Local\Programs\MiKTeX 2.9\tex\generic\pgf\basiclaye
r\pgfcorepatterns.code.tex"
File: pgfcorepatterns.code.tex 2013/11/07  (rcs-revision 1.5)
)))
("C:\Users\Benjamin\AppData\Local\Programs\MiKTeX 2.9\tex\generic\pgf\modules\p
gfmoduleshapes.code.tex"
File: pgfmoduleshapes.code.tex 2014/03/21  (rcs-revision 1.35)
\pgfnodeparttextbox=\box73
)
("C:\Users\Benjamin\AppData\Local\Programs\MiKTeX 2.9\tex\generic\pgf\modules\p
gfmoduleplot.code.tex"
File: pgfmoduleplot.code.tex 2015/08/03  (rcs-revision 1.13)
)
("C:\Users\Benjamin\AppData\Local\Programs\MiKTeX 2.9\tex\latex\pgf\compatibili
ty\pgfcomp-version-0-65.sty"
Package: pgfcomp-version-0-65 2007/07/03 v3.0.1a (rcs-revision 1.7)
\pgf@nodesepstart=\dimen294
\pgf@nodesepend=\dimen295
)
("C:\Users\Benjamin\AppData\Local\Programs\MiKTeX 2.9\tex\latex\pgf\compatibili
ty\pgfcomp-version-1-18.sty"
Package: pgfcomp-version-1-18 2007/07/23 v3.0.1a (rcs-revision 1.1)
))
("C:\Users\Benjamin\AppData\Local\Programs\MiKTeX 2.9\tex\latex\pgf\utilities\p
gffor.sty"
("C:\Users\Benjamin\AppData\Local\Programs\MiKTeX 2.9\tex\latex\pgf\utilities\p
gfkeys.sty"
("C:\Users\Benjamin\AppData\Local\Programs\MiKTeX 2.9\tex\generic\pgf\utilities
\pgfkeys.code.tex"))
("C:\Users\Benjamin\AppData\Local\Programs\MiKTeX 2.9\tex\latex\pgf\math\pgfmat
h.sty"
("C:\Users\Benjamin\AppData\Local\Programs\MiKTeX 2.9\tex\generic\pgf\math\pgfm
ath.code.tex"))
("C:\Users\Benjamin\AppData\Local\Programs\MiKTeX 2.9\tex\generic\pgf\utilities
\pgffor.code.tex"
Package: pgffor 2013/12/13 v3.0.1a (rcs-revision 1.25)

("C:\Users\Benjamin\AppData\Local\Programs\MiKTeX 2.9\tex\generic\pgf\math\pgfm
ath.code.tex")
\pgffor@iter=\dimen296
\pgffor@skip=\dimen297
\pgffor@stack=\toks55
\pgffor@toks=\toks56
))
("C:\Users\Benjamin\AppData\Local\Programs\MiKTeX 2.9\tex\generic\pgf\frontendl
ayer\tikz\tikz.code.tex"
Package: tikz 2015/08/07 v3.0.1a (rcs-revision 1.151)

("C:\Users\Benjamin\AppData\Local\Programs\MiKTeX 2.9\tex\generic\pgf\libraries
\pgflibraryplothandlers.code.tex"
File: pgflibraryplothandlers.code.tex 2013/08/31 v3.0.1a (rcs-revision 1.20)
\pgf@plot@mark@count=\count325
\pgfplotmarksize=\dimen298
)
\tikz@lastx=\dimen299
\tikz@lasty=\dimen300
\tikz@lastxsaved=\dimen301
\tikz@lastysaved=\dimen302
\tikzleveldistance=\dimen303
\tikzsiblingdistance=\dimen304
\tikz@figbox=\box74
\tikz@figbox@bg=\box75
\tikz@tempbox=\box76
\tikz@tempbox@bg=\box77
\tikztreelevel=\count326
\tikznumberofchildren=\count327
\tikznumberofcurrentchild=\count328
\tikz@fig@count=\count329

("C:\Users\Benjamin\AppData\Local\Programs\MiKTeX 2.9\tex\generic\pgf\modules\p
gfmodulematrix.code.tex"
File: pgfmodulematrix.code.tex 2013/09/17  (rcs-revision 1.8)
\pgfmatrixcurrentrow=\count330
\pgfmatrixcurrentcolumn=\count331
\pgf@matrix@numberofcolumns=\count332
)
\tikz@expandcount=\count333

("C:\Users\Benjamin\AppData\Local\Programs\MiKTeX 2.9\tex\generic\pgf\frontendl
ayer\tikz\libraries\tikzlibrarytopaths.code.tex"
File: tikzlibrarytopaths.code.tex 2008/06/17 v3.0.1a (rcs-revision 1.2)
)))
("C:\Users\Benjamin\AppData\Local\Programs\MiKTeX 2.9\tex\generic\oberdiek\alph
alph.sty"
Package: alphalph 2016/05/16 v2.5 Convert numbers to letters (HO)
)
("C:\Users\Benjamin\AppData\Local\Programs\MiKTeX 2.9\tex\latex\listings\listin
gs.sty"
\lst@mode=\count334
\lst@gtempboxa=\box78
\lst@token=\toks57
\lst@length=\count335
\lst@currlwidth=\dimen305
\lst@column=\count336
\lst@pos=\count337
\lst@lostspace=\dimen306
\lst@width=\dimen307
\lst@newlines=\count338
\lst@lineno=\count339
\lst@maxwidth=\dimen308

("C:\Users\Benjamin\AppData\Local\Programs\MiKTeX 2.9\tex\latex\listings\lstmis
c.sty"
File: lstmisc.sty 2018/09/02 1.7 (Carsten Heinz)
\c@lstnumber=\count340
\lst@skipnumbers=\count341
\lst@framebox=\box79
)
("C:\Users\Benjamin\AppData\Local\Programs\MiKTeX 2.9\tex\latex\listings\listin
gs.cfg"
File: listings.cfg 2018/09/02 1.7 listings configuration
))
Package: listings 2018/09/02 1.7 (Carsten Heinz)
\c@subfigure=\count342
\cftbeforesubfigureskip=\skip272
\cftsubfigureindent=\skip273
\cftsubfigurenumwidth=\skip274
) (format/postamble.ltx
\document@idxfile=\write6
\openout6 = `document.idx'.


Writing index file document.idx 

("C:\Users\Benjamin\AppData\Local\Programs\MiKTeX 2.9\tex\latex\datatool\datagi
dx.sty"
Package: datagidx 2018/04/16 v2.30 (NLCT)

("C:\Users\Benjamin\AppData\Local\Programs\MiKTeX 2.9\tex\latex\datatool\datato
ol.sty"
Package: datatool 2018/04/16 v2.30 (NLCT)

("C:\Users\Benjamin\AppData\Local\Programs\MiKTeX 2.9\tex\latex\xfor\xfor.sty"
Package: xfor 2009/02/05 v1.05 (NLCT)
)
("C:\Users\Benjamin\AppData\Local\Programs\MiKTeX 2.9\tex\latex\substr\substr.s
ty"
Package: substr 2009/10/20 v1.2 Handle substrings
\c@su@anzahl=\count343
)
("C:\Users\Benjamin\AppData\Local\Programs\MiKTeX 2.9\tex\latex\datatool\datato
ol-base.sty"
Package: datatool-base 2018/04/16 v2.30 (NLCT)

("C:\Users\Benjamin\AppData\Local\Programs\MiKTeX 2.9\tex\latex\datatool\datato
ol-fp.sty"
Package: datatool-fp 2018/04/16 v2.30 (NLCT)

("C:\Users\Benjamin\AppData\Local\Programs\MiKTeX 2.9\tex\latex\fp\fp.sty"
Package: fp 1995/04/02

`Fixed Point Package', Version 0.8, April 2, 1995 (C) Michael Mehlich
("C:\Users\Benjamin\AppData\Local\Programs\MiKTeX 2.9\tex\latex\fp\defpattern.s
ty"
Package: defpattern 1994/10/12
\actioncount=\count344
)
("C:\Users\Benjamin\AppData\Local\Programs\MiKTeX 2.9\tex\latex\fp\fp-basic.sty
"
Package: fp-basic 1996/05/13
\FP@xs=\count345
\FP@xia=\count346
\FP@xib=\count347
\FP@xfa=\count348
\FP@xfb=\count349
\FP@rega=\count350
\FP@regb=\count351
\FP@regs=\count352
\FP@times=\count353
)
("C:\Users\Benjamin\AppData\Local\Programs\MiKTeX 2.9\tex\latex\fp\fp-addons.st
y"
Package: fp-addons 1995/03/15
)
("C:\Users\Benjamin\AppData\Local\Programs\MiKTeX 2.9\tex\latex\fp\fp-snap.sty"
Package: fp-snap 1995/04/05
) ("C:\Users\Benjamin\AppData\Local\Programs\MiKTeX 2.9\tex\latex\fp\fp-exp.sty
"
Package: fp-exp 1995/04/03
)
("C:\Users\Benjamin\AppData\Local\Programs\MiKTeX 2.9\tex\latex\fp\fp-trigo.sty
"
Package: fp-trigo 1995/04/14
) ("C:\Users\Benjamin\AppData\Local\Programs\MiKTeX 2.9\tex\latex\fp\fp-pas.sty
"
Package: fp-pas 1994/08/29
)
("C:\Users\Benjamin\AppData\Local\Programs\MiKTeX 2.9\tex\latex\fp\fp-random.st
y"
Package: fp-random 1995/02/23
\FPseed=\count354
)
("C:\Users\Benjamin\AppData\Local\Programs\MiKTeX 2.9\tex\latex\fp\fp-eqn.sty"
Package: fp-eqn 1995/04/03
) ("C:\Users\Benjamin\AppData\Local\Programs\MiKTeX 2.9\tex\latex\fp\fp-upn.sty
"
Package: fp-upn 1996/10/21
) ("C:\Users\Benjamin\AppData\Local\Programs\MiKTeX 2.9\tex\latex\fp\fp-eval.st
y"
Package: fp-eval 1995/04/03
)))
\@dtl@toks=\toks58
\@dtl@tmpcount=\count355
\dtl@tmplength=\skip275
\dtl@sortresult=\count356
\@dtl@numgrpsepcount=\count357
\@dtl@datatype=\count358
\dtl@codeA=\count359
\dtl@codeB=\count360
\@dtl@foreach@level=\count361
)
\dtlcolumnnum=\count362
\dtlrownum=\count363
\@dtl@before=\toks59
\@dtl@after=\toks60
\@dtl@colhead=\toks61
\dtlcurrentrow=\toks62
\dtlbeforerow=\toks63
\dtlafterrow=\toks64
\dtlforeachlevel=\count364
\c@DTLrowi=\count365
\c@DTLrowii=\count366
\c@DTLrowiii=\count367
\c@DTLrow=\count368
\dtl@rowi=\count369
\dtl@rowii=\count370
\dtl@rowiii=\count371
\@dtl@curi=\toks65
\@dtl@previ=\toks66
\@dtl@nexti=\toks67
\@dtl@curii=\toks68
\@dtl@previi=\toks69
\@dtl@nextii=\toks70
\@dtl@curiii=\toks71
\@dtl@previii=\toks72
\@dtl@nextiii=\toks73
\@dtl@elements=\count372
\@dtl@list=\toks74
\@dtl@rowa=\toks75
\@dtl@rowb=\toks76
\@dtl@toksA=\toks77
\@dtl@toksB=\toks78
\@dtl@write=\write7
\@dtl@read=\read3
\dtl@entrycr=\count373
\dtl@omitlines=\count374
)
("C:\Users\Benjamin\AppData\Local\Programs\MiKTeX 2.9\tex\latex\mfirstuc\mfirst
uc.sty"
Package: mfirstuc 2017/11/14 v2.06 (NLCT)
\@glsmfirst=\toks79
\@glsmrest=\toks80
)
("C:\Users\Benjamin\AppData\Local\Programs\MiKTeX 2.9\tex\latex\tools\afterpage
.sty"
Package: afterpage 2014/10/28 v1.08 After-Page Package (DPC)
\AP@output=\toks81
\AP@partial=\box80
\AP@footins=\box81
)
\c@DTLgidxChildCount=\count375
\datagidxsymbolwidth=\skip276
\datagidxlocationwidth=\skip277
\dtldb@datagidx=\toks82
\dtlkeys@datagidx=\toks83
\dtlrows@datagidx=\count376
\dtlcols@datagidx=\count377
\datagidxindent=\skip278
\datagidxnamewidth=\skip279
\datagidxdescwidth=\skip280
\datagidx@anchorcount=\count378
\datagidx@count=\count379
\datagidx@level=\count380
)
\dtldb@abbreviation=\toks84
\dtlkeys@abbreviation=\toks85
\dtlrows@abbreviation=\count381
\dtlcols@abbreviation=\count382
\dtldb@notation=\toks86
\dtlkeys@notation=\toks87
\dtlrows@notation=\count383
\dtlcols@notation=\count384
\dtldb@glossary=\toks88
\dtlkeys@glossary=\toks89
\dtlrows@glossary=\count385
\dtlcols@glossary=\count386
 (abbreviation.tex) (notation.tex) (glossary.tex)
Package hyperref Info: Option `breaklinks' set `true' on input line 58.
Package hyperref Info: Option `colorlinks' set `true' on input line 58.
Package hyperref Info: Option `bookmarksopen' set `true' on input line 58.

("C:\Users\Benjamin\AppData\Local\Programs\MiKTeX 2.9\tex\latex\wallpaper\wallp
aper.sty"
Package: wallpaper 2005/01/18, v1.01 easy wallpaper formatting (MHFW)
\wpXoffset=\skip281
\wpYoffset=\skip282
\tileXoffset=\skip283
\tileYoffset=\skip284
\tilewidth=\skip285
\tileheight=\skip286
\tileX=\skip287
\tileY=\skip288
)
("C:\Users\Benjamin\AppData\Local\Programs\MiKTeX 2.9\tex\latex\geometry\geomet
ry.sty"
Package: geometry 2010/09/12 v5.6 Page Geometry
\Gm@cnth=\count387
\Gm@cntv=\count388
\c@Gm@tempcnt=\count389
\Gm@bindingoffset=\dimen309
\Gm@wd@mp=\dimen310
\Gm@odd@mp=\dimen311
\Gm@even@mp=\dimen312
\Gm@layoutwidth=\dimen313
\Gm@layoutheight=\dimen314
\Gm@layouthoffset=\dimen315
\Gm@layoutvoffset=\dimen316
\Gm@dimlist=\toks90

("C:\Users\Benjamin\AppData\Local\Programs\MiKTeX 2.9\tex\latex\geometry\geomet
ry.cfg"))) (document.aux (introduction.aux) (literature_review.aux)
(methodology.aux) (results_and_discussions.aux) (conclusions.aux)
(answers_to_questions.aux) (usage_examples.aux) (vita.aux))
\openout1 = `document.aux'.

LaTeX Font Info:    Checking defaults for OML/cmm/m/it on input line 152.
LaTeX Font Info:    ... okay on input line 152.
LaTeX Font Info:    Checking defaults for T1/cmr/m/n on input line 152.
LaTeX Font Info:    ... okay on input line 152.
LaTeX Font Info:    Checking defaults for OT1/cmr/m/n on input line 152.
LaTeX Font Info:    ... okay on input line 152.
LaTeX Font Info:    Checking defaults for OMS/cmsy/m/n on input line 152.
LaTeX Font Info:    ... okay on input line 152.
LaTeX Font Info:    Checking defaults for OMX/cmex/m/n on input line 152.
LaTeX Font Info:    ... okay on input line 152.
LaTeX Font Info:    Checking defaults for U/cmr/m/n on input line 152.
LaTeX Font Info:    ... okay on input line 152.
LaTeX Font Info:    Checking defaults for PD1/pdf/m/n on input line 152.
LaTeX Font Info:    ... okay on input line 152.
LaTeX Font Info:    Try loading font information for OT1+ptm on input line 152.


("C:\Users\Benjamin\AppData\Local\Programs\MiKTeX 2.9\tex\latex\psnfss\ot1ptm.f
d"
File: ot1ptm.fd 2001/06/04 font definitions for OT1/ptm.
)
("C:\Users\Benjamin\AppData\Local\Programs\MiKTeX 2.9\tex\context\base\supp-pdf
.mkii"
[Loading MPS to PDF converter (version 2006.09.02).]
\scratchcounter=\count390
\scratchdimen=\dimen317
\scratchbox=\box82
\nofMPsegments=\count391
\nofMParguments=\count392
\everyMPshowfont=\toks91
\MPscratchCnt=\count393
\MPscratchDim=\dimen318
\MPnumerator=\count394
\makeMPintoPDFobject=\count395
\everyMPtoPDFconversion=\toks92
)
("C:\Users\Benjamin\AppData\Local\Programs\MiKTeX 2.9\tex\latex\oberdiek\epstop
df-base.sty"
Package: epstopdf-base 2016/05/15 v2.6 Base part for package epstopdf

("C:\Users\Benjamin\AppData\Local\Programs\MiKTeX 2.9\tex\latex\oberdiek\grfext
.sty"
Package: grfext 2016/05/16 v1.2 Manage graphics extensions (HO)
)
Package epstopdf-base Info: Redefining graphics rule for `.eps' on input line 4
38.
Package grfext Info: Graphics extension search list:
(grfext)             [.pdf,.png,.jpg,.mps,.jpeg,.jbig2,.jb2,.PDF,.PNG,.JPG,.JPE
G,.JBIG2,.JB2,.eps]
(grfext)             \AppendGraphicsExtensions on input line 456.
)
Package caption Info: Begin \AtBeginDocument code.
Package caption Info: hyperref package is loaded.
Package caption Info: listings package is loaded.
Package caption Info: End \AtBeginDocument code.
LaTeX Info: Redefining \microtypecontext on input line 152.
Package microtype Info: Generating PDF output.
Package microtype Info: Character protrusion enabled (level 2).
Package microtype Info: Using default protrusion set `alltext'.
Package microtype Info: Automatic font expansion enabled (level 2),
(microtype)             stretch: 20, shrink: 20, step: 1, non-selected.
Package microtype Info: Using default expansion set `basictext'.
Package microtype Info: No adjustment of tracking.
Package microtype Info: No adjustment of interword spacing.
Package microtype Info: No adjustment of character kerning.

("C:\Users\Benjamin\AppData\Local\Programs\MiKTeX 2.9\tex\latex\microtype\mt-pt
m.cfg"
File: mt-ptm.cfg 2006/04/20 v1.7 microtype config. file: Times (RS)
)
("C:\Users\Benjamin\AppData\Local\Programs\MiKTeX 2.9\tex\latex\fmtcount\fc-eng
lish.def"
File: fc-english.def 2016/01/12
)
\AtBeginShipoutBox=\box83
Package hyperref Info: Link coloring ON on input line 152.

("C:\Users\Benjamin\AppData\Local\Programs\MiKTeX 2.9\tex\latex\hyperref\namere
f.sty"
Package: nameref 2016/05/21 v2.44 Cross-referencing by name of section

("C:\Users\Benjamin\AppData\Local\Programs\MiKTeX 2.9\tex\generic\oberdiek\gett
itlestring.sty"
Package: gettitlestring 2016/05/16 v1.5 Cleanup title references (HO)
)
\c@section@level=\count396
)
Redoing nameref's sectioning
Redoing nameref's label
LaTeX Info: Redefining \nameref on input line 152.
LaTeX Info: Redefining \ref on input line 152.
LaTeX Info: Redefining \pageref on input line 152.
LaTeX Info: Redefining \nameref on input line 152.
(document.out) (document.out)
\@outlinefile=\write8
\openout8 = `document.out'.

 ABD: EveryShipout initializing macros
\c@lstlisting=\count397

*geometry* driver: auto-detecting
*geometry* detected driver: pdftex
*geometry* verbose mode - [ preamble ] result:
* driver: pdftex
* paper: letterpaper
* layout: <same size as paper>
* layoutoffset:(h,v)=(0.0pt,0.0pt)
* modes: 
* h-part:(L,W,R)=(126.47249pt, 415.55254pt, 72.26997pt)
* v-part:(T,H,B)=(72.26997pt, 650.43004pt, 72.26997pt)
* \paperwidth=614.295pt
* \paperheight=794.96999pt
* \textwidth=415.55254pt
* \textheight=650.43004pt
* \oddsidemargin=54.2025pt
* \evensidemargin=54.2025pt
* \topmargin=-85.6319pt
* \headheight=14.5pt
* \headsep=71.13188pt
* \topskip=12.0pt
* \footskip=30.0pt
* \marginparwidth=50.0pt
* \marginparsep=7.0pt
* \columnsep=10.0pt
* \skip\footins=12.0pt plus 4.0pt minus 4.0pt
* \hoffset=0.0pt
* \voffset=0.0pt
* \mag=1000
* \@twocolumnfalse
* \@twosidefalse
* \@mparswitchfalse
* \@reversemarginfalse
* (1in=72.27pt=25.4mm, 1cm=28.453pt)

(format/pre_toc.ltx (format/titlep.ltx
<figure/../format/MSU_GSC_logo.png, id=290, 642.4pt x 642.4pt>
File: figure/../format/MSU_GSC_logo.png Graphic file (type png)
<use figure/../format/MSU_GSC_logo.png>
Package pdftex.def Info: figure/../format/MSU_GSC_logo.png  used on input line 
7.
(pdftex.def)             Requested size: 58.1771pt x 58.17618pt.
 [1

{C:/Users/Benjamin/AppData/Local/MiKTeX/2.9/pdftex/config/pdftex.map} <./figure
/../format/MSU_GSC_logo.png>])
(format/defense.ltx) (format/approval.ltx
("C:\Users\Benjamin\AppData\Local\Programs\MiKTeX 2.9\tex\latex\microtype\mt-cm
r.cfg"
File: mt-cmr.cfg 2013/05/19 v2.2 microtype config. file: Computer Modern Roman 
(RS)
)
LaTeX Font Info:    Try loading font information for U+msa on input line 168.

("C:\Users\Benjamin\AppData\Local\Programs\MiKTeX 2.9\tex\latex\amsfonts\umsa.f
d"
File: umsa.fd 2013/01/14 v3.01 AMS symbols A
)
("C:\Users\Benjamin\AppData\Local\Programs\MiKTeX 2.9\tex\latex\microtype\mt-ms
a.cfg"
File: mt-msa.cfg 2006/02/04 v1.1 microtype config. file: AMS symbols (a) (RS)
)
LaTeX Font Info:    Try loading font information for U+msb on input line 168.

("C:\Users\Benjamin\AppData\Local\Programs\MiKTeX 2.9\tex\latex\amsfonts\umsb.f
d"
File: umsb.fd 2013/01/14 v3.01 AMS symbols B
)
("C:\Users\Benjamin\AppData\Local\Programs\MiKTeX 2.9\tex\latex\microtype\mt-ms
b.cfg"
File: mt-msb.cfg 2005/06/01 v1.0 microtype config. file: AMS symbols (b) (RS)
)
LaTeX Font Info:    Try loading font information for U+rsfs on input line 168.

("C:\Users\Benjamin\AppData\Local\Programs\MiKTeX 2.9\tex\latex\jknappen\ursfs.
fd"
File: ursfs.fd 1998/03/24 rsfs font definition file (jk)
)
File: figure/../format/MSU_GSC_logo.png Graphic file (type png)
<use figure/../format/MSU_GSC_logo.png>
Package pdftex.def Info: figure/../format/MSU_GSC_logo.png  used on input line 
168.
(pdftex.def)             Requested size: 57.2251pt x 57.21556pt.
LaTeX Font Info:    Font shape `OT1/ptm/bx/n' in size <12> not available
(Font)              Font shape `OT1/ptm/b/n' tried instead on input line 168.
<figure/../format/MSU_COE_logo.jpg, id=299, 181.42781pt x 188.20313pt>
File: figure/../format/MSU_COE_logo.jpg Graphic file (type jpg)
<use figure/../format/MSU_COE_logo.jpg>
Package pdftex.def Info: figure/../format/MSU_COE_logo.jpg  used on input line 
168.
(pdftex.def)             Requested size: 57.2251pt x 59.36183pt.
LaTeX Font Info:    Font shape `OT1/ptm/bx/n' in size <14.4> not available
(Font)              Font shape `OT1/ptm/b/n' tried instead on input line 168.

Overfull \hbox (3.81241pt too wide) in paragraph at lines 168--168
 [] 
 []


Overfull \hbox (5.77364pt too wide) in paragraph at lines 168--168
 [][] 
 []


Overfull \hbox (3.81241pt too wide) in paragraph at lines 168--168
 [] 
 []


Overfull \hbox (23.62482pt too wide) in paragraph at lines 168--169
[][] 
 []

[2


 <./figure/../format/MSU_COE_logo.jpg>]) (format/aaa.ltx
LaTeX Font Info:    Font shape `OT1/ptm/bx/n' in size <24.88> not available
(Font)              Font shape `OT1/ptm/b/n' tried instead on input line 3.
LaTeX Font Info:    Try loading font information for OT1+phv on input line 3.

("C:\Users\Benjamin\AppData\Local\Programs\MiKTeX 2.9\tex\latex\psnfss\ot1phv.f
d"
File: ot1phv.fd 2001/06/04 scalable font definitions for OT1/phv.
)
LaTeX Font Info:    Font shape `OT1/phv/bx/n' in size <14.4> not available
(Font)              Font shape `OT1/phv/b/n' tried instead on input line 3.
Package microtype Info: Loading generic protrusion settings for font family
(microtype)             `phv' (encoding: OT1).
(microtype)             For optimal results, create family-specific settings.
(microtype)             See the microtype manual for details.
 [3


] (acknowledgment.tex) [4


] (abstract.tex) [5


])) (document.toc [6


])
\tf@toc=\write9
\openout9 = `document.toc'.


[7] (document.lof)
\tf@lof=\write10
\openout10 = `document.lof'.

 [8

] (document.lot)
\tf@lot=\write11
\openout11 = `document.lot'.

 [9

] [10


]
\c@ttl@toc@chapters=\count398
 (document.ptc) [1


]
\openout2 = `introduction.aux'.


(introduction.tex
LaTeX Font Info:    Font shape `OT1/ptm/bx/n' in size <10.95> not available
(Font)              Font shape `OT1/ptm/b/n' tried instead on input line 1.
LaTeX Font Info:    Font shape `OT1/phv/bx/n' in size <10.95> not available
(Font)              Font shape `OT1/phv/b/n' tried instead on input line 1.
 [2

] [3] [4]
LaTeX Font Info:    Try loading font information for OMS+ptm on input line 40.

("C:\Users\Benjamin\AppData\Local\Programs\MiKTeX 2.9\tex\latex\psnfss\omsptm.f
d"
File: omsptm.fd 
)
LaTeX Font Info:    Font shape `OMS/ptm/m/n' in size <12> not available
(Font)              Font shape `OMS/cmsy/m/n' tried instead on input line 40.
 [5] [6] [7]) [8] (document.ptc) [9



]
\openout2 = `literature_review.aux'.

 (literature_review.tex [10

] [11]
[12] [13]) [14] (document.ptc) [15



]
\openout2 = `methodology.aux'.

 (methodology.tex [16

] [17] [18] [19])
[20] (document.ptc) [21



]
\openout2 = `results_and_discussions.aux'.

 (results_and_discussions.tex
LaTeX Font Info:    Try loading font information for OT1+pcr on input line 8.

("C:\Users\Benjamin\AppData\Local\Programs\MiKTeX 2.9\tex\latex\psnfss\ot1pcr.f
d"
File: ot1pcr.fd 2001/06/04 font definitions for OT1/pcr.
)
Package microtype Info: Loading generic protrusion settings for font family
(microtype)             `pcr' (encoding: OT1).
(microtype)             For optimal results, create family-specific settings.
(microtype)             See the microtype manual for details.
 [22

] [23]) [24] (document.ptc) [25



]
\openout2 = `conclusions.aux'.

 (conclusions.tex [26

] [27]) [28]
(document.bbl
bibitemlist
[29



] [30] [31] [32] [33] [34] [35]) [36] (document.ptc) [37


]
\openout2 = `answers_to_questions.aux'.


(answers_to_questions.tex [38

] [39] [40] [41] [42]) [43] (document.ptc)
[44



]
\openout2 = `usage_examples.aux'.

 (usage_examples.tex
LaTeX Font Info:    Font shape `OT1/ptm/bx/n' in size <8> not available
(Font)              Font shape `OT1/ptm/b/n' tried instead on input line 9.

Overfull \hbox (24.07713pt too wide) in paragraph at lines 9--10
\OT1/ptm/m/n/12 (-20) the [] []\OT1/pcr/m/n/12 notation.tex  []\OT1/ptm/m/n/12 
(-20) file. \OT1/ptm/b/n/12 Please make sure that the en-tries in [] []\OT1/pcr
/m/n/12 notation.tex  []\OT1/ptm/b/n/12 are
 []

[45

]
("C:\Users\Benjamin\AppData\Local\Programs\MiKTeX 2.9\tex\latex\listings\lstlan
g1.sty"
File: lstlang1.sty 2018/09/02 1.7 listings language file
)
("C:\Users\Benjamin\AppData\Local\Programs\MiKTeX 2.9\tex\latex\listings\lstlan
g2.sty"
File: lstlang2.sty 2018/09/02 1.7 listings language file
)
("C:\Users\Benjamin\AppData\Local\Programs\MiKTeX 2.9\tex\latex\listings\lstlan
g3.sty"
File: lstlang3.sty 2018/09/02 1.7 listings language file
)
("C:\Users\Benjamin\AppData\Local\Programs\MiKTeX 2.9\tex\latex\listings\lstlan
g1.sty"
File: lstlang1.sty 2018/09/02 1.7 listings language file
)
("C:\Users\Benjamin\AppData\Local\Programs\MiKTeX 2.9\tex\latex\listings\lstlan
g2.sty"
File: lstlang2.sty 2018/09/02 1.7 listings language file
)
("C:\Users\Benjamin\AppData\Local\Programs\MiKTeX 2.9\tex\latex\listings\lstlan
g3.sty"
File: lstlang3.sty 2018/09/02 1.7 listings language file
)
("C:\Users\Benjamin\AppData\Local\Programs\MiKTeX 2.9\tex\latex\listings\lstlan
g1.sty"
File: lstlang1.sty 2018/09/02 1.7 listings language file
)
("C:\Users\Benjamin\AppData\Local\Programs\MiKTeX 2.9\tex\latex\listings\lstlan
g2.sty"
File: lstlang2.sty 2018/09/02 1.7 listings language file
)
("C:\Users\Benjamin\AppData\Local\Programs\MiKTeX 2.9\tex\latex\listings\lstlan
g3.sty"
File: lstlang3.sty 2018/09/02 1.7 listings language file
)
("C:\Users\Benjamin\AppData\Local\Programs\MiKTeX 2.9\tex\latex\listings\lstmis
c.sty"
File: lstmisc.sty 2018/09/02 1.7 (Carsten Heinz)
)
Package hyperref Info: bookmark level for unknown lstlisting defaults to 0 on i
nput line 47.
LaTeX Font Info:    Font shape `OT1/pcr/bx/n' in size <9> not available
(Font)              Font shape `OT1/pcr/b/n' tried instead on input line 53.
 [46]
Overfull \hbox (4.60542pt too wide) in paragraph at lines 91--92
[]\OT1/ptm/m/n/12 (-20) See [][]$https : / / en . wikipedia . org / wiki / Help
 : Displaying[]a[]formula$[][] and [][]$https : / / en . wikipedia .
 []

Package microtype Info: Loading generic protrusion settings for font family
(microtype)             `cmss' (encoding: OT1).
(microtype)             For optimal results, create family-specific settings.
(microtype)             See the microtype manual for details.
Package microtype Info: Loading generic protrusion settings for font family
(microtype)             `cmtt' (encoding: OT1).
(microtype)             For optimal results, create family-specific settings.
(microtype)             See the microtype manual for details.
LaTeX Font Info:    Try loading font information for OML+ptm on input line 129.


("C:\Users\Benjamin\AppData\Local\Programs\MiKTeX 2.9\tex\latex\psnfss\omlptm.f
d"
File: omlptm.fd 
)

LaTeX Font Warning: Font shape `OML/ptm/bx/it' undefined
(Font)              using `OML/ptm/m/it' instead on input line 129.

LaTeX Font Info:    Font shape `OML/ptm/m/it' in size <12> not available
(Font)              Font shape `OML/cmm/m/it' tried instead on input line 129.
LaTeX Font Info:    Font shape `OML/ptm/bx/it' in size <8> not available
(Font)              Font shape `OML/cmm/m/it' tried instead on input line 129.
LaTeX Font Info:    Font shape `OML/ptm/bx/it' in size <6> not available
(Font)              Font shape `OML/cmm/m/it' tried instead on input line 129.
LaTeX Font Info:    Try loading font information for OML+cmbr on input line 130
.

("C:\Users\Benjamin\AppData\Local\Programs\MiKTeX 2.9\tex\latex\cmbright\omlcmb
r.fd"
File: omlcmbr.fd 2005/04/13 v8.1 (WaS)
)
LaTeX Font Info:    Try loading font information for OML+cmbrm on input line 13
0.

("C:\Users\Benjamin\AppData\Local\Programs\MiKTeX 2.9\tex\latex\cmbright\omlcmb
rm.fd"
File: omlcmbrm.fd 2005/04/13 v8.1 (WaS)
)
LaTeX Font Info:    Font shape `OML/cmbr/m/it' in size <12> not available
(Font)              Font shape `OML/cmbrm/m/it' tried instead on input line 130
.
LaTeX Font Info:    Font shape `OML/cmbr/m/it' in size <8> not available
(Font)              Font shape `OML/cmbrm/m/it' tried instead on input line 130
.
LaTeX Font Info:    Font shape `OML/cmbr/m/it' in size <6> not available
(Font)              Font shape `OML/cmbrm/m/it' tried instead on input line 130
.
LaTeX Font Info:    Font shape `OML/cmbr/bx/it' in size <12> not available
(Font)              Font shape `OML/cmbrm/b/it' tried instead on input line 131
.
LaTeX Font Info:    Font shape `OML/cmbr/bx/it' in size <8> not available
(Font)              Font shape `OML/cmbrm/b/it' tried instead on input line 131
.
LaTeX Font Info:    Font shape `OML/cmbr/bx/it' in size <6> not available
(Font)              Font shape `OML/cmbrm/b/it' tried instead on input line 131
.
LaTeX Font Info:    Font shape `OML/ptm/bx/it' in size <10> not available
(Font)              Font shape `OML/cmm/m/it' tried instead on input line 159.
LaTeX Font Info:    Font shape `OML/ptm/bx/it' in size <7> not available
(Font)              Font shape `OML/cmm/m/it' tried instead on input line 159.
LaTeX Font Info:    Font shape `OML/ptm/bx/it' in size <5> not available
(Font)              Font shape `OML/cmm/m/it' tried instead on input line 159.
LaTeX Font Info:    Font shape `OML/cmbr/m/it' in size <10> not available
(Font)              Font shape `OML/cmbrm/m/it' tried instead on input line 159
.
LaTeX Font Info:    Font shape `OML/cmbr/m/it' in size <7> not available
(Font)              Font shape `OML/cmbrm/m/it' tried instead on input line 159
.
LaTeX Font Info:    Font shape `OML/cmbr/m/it' in size <5> not available
(Font)              Font shape `OML/cmbrm/m/it' tried instead on input line 159
.
LaTeX Font Info:    Font shape `OML/cmbr/bx/it' in size <10> not available
(Font)              Font shape `OML/cmbrm/b/it' tried instead on input line 159
.
LaTeX Font Info:    Font shape `OML/cmbr/bx/it' in size <7> not available
(Font)              Font shape `OML/cmbrm/b/it' tried instead on input line 159
.
LaTeX Font Info:    Font shape `OML/cmbr/bx/it' in size <5> not available
(Font)              Font shape `OML/cmbrm/b/it' tried instead on input line 159
.
LaTeX Font Info:    Font shape `OML/ptm/bx/it' in size <12> not available
(Font)              Font shape `OML/cmm/m/it' tried instead on input line 160.
 [47

] [48]
Overfull \hbox (52.90852pt too wide) in paragraph at lines 183--185
\OT1/ptm/m/n/12 (-20) The ``bold'' math ver-sion is se-lected with the com-mand
s [][]\OT1/pcr/m/n/12 \boldmath []\OT1/ptm/m/n/12 (-20) or [][]\OT1/pcr/m/n/12 
\mathversion{bold} 
 []


Overfull \hbox (15.92874pt too wide) in alignment at lines 187--194
 [][][] []
 []

[49]
LaTeX Font Info:    Font shape `OT1/pcr/m/it' in size <9> not available
(Font)              Font shape `OT1/pcr/m/sl' tried instead on input line 268.
 [50] [51] [52]
Overfull \hbox (0.74503pt too wide) in paragraph at lines 456--457
[]\OT1/ptm/m/n/12 (-20) Prefer cap-i-tals?  Ex-ten-si-ble markup lan-guage ([][
][][]XML[][]). Next: [][][][]XML[][]. Full: [][][][]extensible
 []


LaTeX Warning: `h' float specifier changed to `ht'.

[53

] [54]
Overfull \hbox (2.83653pt too wide) in paragraph at lines 531--532
\OT1/ptm/b/n/12 used no-ta-tions and be care-ful with the com-mas and brack-ets
 in [] []\OT1/pcr/m/n/12 notation.tex []\OT1/ptm/m/n/12 (-20) . 
 []

[55

]
<figure/example_gray_box.pdf, id=1350, 202.7575pt x 202.7575pt>
File: figure/example_gray_box.pdf Graphic file (type pdf)
<use figure/example_gray_box.pdf>
Package pdftex.def Info: figure/example_gray_box.pdf  used on input line 594.
(pdftex.def)             Requested size: 207.77626pt x 207.78137pt.
 [56

 <./figure/example_gray_box.pdf>] [57

]
File: figure/example_gray_box.pdf Graphic file (type pdf)
<use figure/example_gray_box.pdf>
Package pdftex.def Info: figure/example_gray_box.pdf  used on input line 631.
(pdftex.def)             Requested size: 145.44592pt x 145.45006pt.
File: figure/example_gray_box.pdf Graphic file (type pdf)
<use figure/example_gray_box.pdf>
Package pdftex.def Info: figure/example_gray_box.pdf  used on input line 636.
(pdftex.def)             Requested size: 145.44592pt x 145.45006pt.
File: figure/example_gray_box.pdf Graphic file (type pdf)
<use figure/example_gray_box.pdf>
Package pdftex.def Info: figure/example_gray_box.pdf  used on input line 641.
(pdftex.def)             Requested size: 145.44592pt x 145.45006pt.
 [58

] [59

]
File: figure/example_gray_box.pdf Graphic file (type pdf)
<use figure/example_gray_box.pdf>
Package pdftex.def Info: figure/example_gray_box.pdf  used on input line 689.
(pdftex.def)             Requested size: 186.99736pt x 187.00323pt.
File: figure/example_gray_box.pdf Graphic file (type pdf)
<use figure/example_gray_box.pdf>
Package pdftex.def Info: figure/example_gray_box.pdf  used on input line 694.
(pdftex.def)             Requested size: 186.99736pt x 187.00323pt.
File: figure/example_gray_box.pdf Graphic file (type pdf)
<use figure/example_gray_box.pdf>
Package pdftex.def Info: figure/example_gray_box.pdf  used on input line 699.
(pdftex.def)             Requested size: 186.99736pt x 187.00323pt.
File: figure/example_gray_box.pdf Graphic file (type pdf)
<use figure/example_gray_box.pdf>
Package pdftex.def Info: figure/example_gray_box.pdf  used on input line 704.
(pdftex.def)             Requested size: 186.99736pt x 187.00323pt.
 [60

] [61

]
Underfull \vbox (badness 10000) detected at line 843
 []

[62

] [63] [64

] [65]
LaTeX Font Info:    Font shape `OT1/ptm/bx/n' in size <10> not available
(Font)              Font shape `OT1/ptm/b/n' tried instead on input line 977.
LaTeX Font Info:    Font shape `OMS/ptm/m/n' in size <10> not available
(Font)              Font shape `OMS/cmsy/m/n' tried instead on input line 1004.

 [66

] [67

]
("C:\Users\Benjamin\AppData\Local\Programs\MiKTeX 2.9\tex\latex\listings\lstlan
g1.sty"
File: lstlang1.sty 2018/09/02 1.7 listings language file
)
("C:\Users\Benjamin\AppData\Local\Programs\MiKTeX 2.9\tex\latex\listings\lstmis
c.sty"
File: lstmisc.sty 2018/09/02 1.7 (Carsten Heinz)
) (code/fibo.c)

LaTeX Warning: `h' float specifier changed to `ht'.

[68

] [69] [70

] [71

] [72

]
Overfull \hbox (33.74612pt too wide) in paragraph at lines 1173--1174
\OT1/ptm/m/n/12 (-20) For each .bib file, sep-a-rate them by a comma in the ar-
gu-ment of [] []\OT1/pcr/m/n/12 \bibliography{ }  []\OT1/ptm/m/n/12 (-20) with-

 []

[73

] [74] [75] [76] [77] [78] [79] [80

] [81

]
<./reference/Xilinx2015-UltraScale-Architecture-Overview.pdf, id=1924, 614.295p
t x 794.97pt>
File: ./reference/Xilinx2015-UltraScale-Architecture-Overview.pdf Graphic file 
(type pdf)
<use ./reference/Xilinx2015-UltraScale-Architecture-Overview.pdf>
Package pdftex.def Info: ./reference/Xilinx2015-UltraScale-Architecture-Overvie
w.pdf  used on input line 1440.
(pdftex.def)             Requested size: 614.29349pt x 794.96806pt.
File: ./reference/Xilinx2015-UltraScale-Architecture-Overview.pdf Graphic file 
(type pdf)
<use ./reference/Xilinx2015-UltraScale-Architecture-Overview.pdf>
Package pdftex.def Info: ./reference/Xilinx2015-UltraScale-Architecture-Overvie
w.pdf  used on input line 1440.
(pdftex.def)             Requested size: 614.29349pt x 794.96806pt.
<./reference/Xilinx2015-UltraScale-Architecture-Overview.pdf, id=1927, page=8, 
614.295pt x 794.97pt>
File: ./reference/Xilinx2015-UltraScale-Architecture-Overview.pdf Graphic file 
(type pdf)
<use ./reference/Xilinx2015-UltraScale-Architecture-Overview.pdf, page 8>
Package pdftex.def Info: ./reference/Xilinx2015-UltraScale-Architecture-Overvie
w.pdf , page8 used on input line 1440.
(pdftex.def)             Requested size: 614.29349pt x 794.96806pt.
File: ./reference/Xilinx2015-UltraScale-Architecture-Overview.pdf Graphic file 
(type pdf)
<use ./reference/Xilinx2015-UltraScale-Architecture-Overview.pdf, page 8>
Package pdftex.def Info: ./reference/Xilinx2015-UltraScale-Architecture-Overvie
w.pdf , page8 used on input line 1440.
(pdftex.def)             Requested size: 448.43161pt x 580.32329pt.
File: ./reference/Xilinx2015-UltraScale-Architecture-Overview.pdf Graphic file 
(type pdf)
<use ./reference/Xilinx2015-UltraScale-Architecture-Overview.pdf, page 8>
Package pdftex.def Info: ./reference/Xilinx2015-UltraScale-Architecture-Overvie
w.pdf , page8 used on input line 1440.
(pdftex.def)             Requested size: 448.43161pt x 580.32329pt.
File: ./reference/Xilinx2015-UltraScale-Architecture-Overview.pdf Graphic file 
(type pdf)
<use ./reference/Xilinx2015-UltraScale-Architecture-Overview.pdf, page 8>
Package pdftex.def Info: ./reference/Xilinx2015-UltraScale-Architecture-Overvie
w.pdf , page8 used on input line 1440.
(pdftex.def)             Requested size: 448.43161pt x 580.32329pt.
File: ./reference/Xilinx2015-UltraScale-Architecture-Overview.pdf Graphic file 
(type pdf)
<use ./reference/Xilinx2015-UltraScale-Architecture-Overview.pdf, page 8>
Package pdftex.def Info: ./reference/Xilinx2015-UltraScale-Architecture-Overvie
w.pdf , page8 used on input line 1440.
(pdftex.def)             Requested size: 448.43161pt x 580.32329pt.
 [82

 <./reference/Xilinx2015-UltraScale-Architecture-Overview.pdf>]
<./reference/Xilinx2015-UltraScale-Architecture-Overview.pdf, id=1952, page=9, 
614.295pt x 794.97pt>
File: ./reference/Xilinx2015-UltraScale-Architecture-Overview.pdf Graphic file 
(type pdf)
<use ./reference/Xilinx2015-UltraScale-Architecture-Overview.pdf, page 9>
Package pdftex.def Info: ./reference/Xilinx2015-UltraScale-Architecture-Overvie
w.pdf , page9 used on input line 1440.
(pdftex.def)             Requested size: 448.43161pt x 580.32329pt.
File: ./reference/Xilinx2015-UltraScale-Architecture-Overview.pdf Graphic file 
(type pdf)
<use ./reference/Xilinx2015-UltraScale-Architecture-Overview.pdf, page 9>
Package pdftex.def Info: ./reference/Xilinx2015-UltraScale-Architecture-Overvie
w.pdf , page9 used on input line 1440.
(pdftex.def)             Requested size: 448.43161pt x 580.32329pt.
File: ./reference/Xilinx2015-UltraScale-Architecture-Overview.pdf Graphic file 
(type pdf)
<use ./reference/Xilinx2015-UltraScale-Architecture-Overview.pdf, page 9>
Package pdftex.def Info: ./reference/Xilinx2015-UltraScale-Architecture-Overvie
w.pdf , page9 used on input line 1440.
(pdftex.def)             Requested size: 448.43161pt x 580.32329pt.
 [83 <./reference/Xilinx2015-UltraScale-Architecture-Overview.pdf>]
<./reference/Xilinx2015-UltraScale-Architecture-Overview.pdf, id=1961, page=10,
 614.295pt x 794.97pt>
File: ./reference/Xilinx2015-UltraScale-Architecture-Overview.pdf Graphic file 
(type pdf)
<use ./reference/Xilinx2015-UltraScale-Architecture-Overview.pdf, page 10>
Package pdftex.def Info: ./reference/Xilinx2015-UltraScale-Architecture-Overvie
w.pdf , page10 used on input line 1440.
(pdftex.def)             Requested size: 448.43161pt x 580.32329pt.
File: ./reference/Xilinx2015-UltraScale-Architecture-Overview.pdf Graphic file 
(type pdf)
<use ./reference/Xilinx2015-UltraScale-Architecture-Overview.pdf, page 10>
Package pdftex.def Info: ./reference/Xilinx2015-UltraScale-Architecture-Overvie
w.pdf , page10 used on input line 1440.
(pdftex.def)             Requested size: 448.43161pt x 580.32329pt.
File: ./reference/Xilinx2015-UltraScale-Architecture-Overview.pdf Graphic file 
(type pdf)
<use ./reference/Xilinx2015-UltraScale-Architecture-Overview.pdf, page 10>
Package pdftex.def Info: ./reference/Xilinx2015-UltraScale-Architecture-Overvie
w.pdf , page10 used on input line 1440.
(pdftex.def)             Requested size: 448.43161pt x 580.32329pt.
 [84 <./reference/Xilinx2015-UltraScale-Architecture-Overview.pdf>])
\openout2 = `vita.aux'.

 (vita.tex
<figure/vita_photo.pdf, id=1970, 150.5625pt x 150.5625pt>
File: figure/vita_photo.pdf Graphic file (type pdf)
<use figure/vita_photo.pdf>
Package pdftex.def Info: figure/vita_photo.pdf  used on input line 12.
(pdftex.def)             Requested size: 83.10924pt x 83.11287pt.
File: figure/vita_photo.pdf Graphic file (type pdf)
<use figure/vita_photo.pdf>
Package pdftex.def Info: figure/vita_photo.pdf  used on input line 12.
(pdftex.def)             Requested size: 83.10924pt x 83.11287pt.
File: figure/vita_photo.pdf Graphic file (type pdf)
<use figure/vita_photo.pdf>
Package pdftex.def Info: figure/vita_photo.pdf  used on input line 12.
(pdftex.def)             Requested size: 83.10924pt x 83.11287pt.
File: figure/vita_photo.pdf Graphic file (type pdf)
<use figure/vita_photo.pdf>
Package pdftex.def Info: figure/vita_photo.pdf  used on input line 12.
(pdftex.def)             Requested size: 83.10924pt x 83.11287pt.
File: figure/vita_photo.pdf Graphic file (type pdf)
<use figure/vita_photo.pdf>
Package pdftex.def Info: figure/vita_photo.pdf  used on input line 12.
(pdftex.def)             Requested size: 83.10924pt x 83.11287pt.
) [85





 <./figure/vita_photo.pdf>]
\tf@ptc=\write12
\openout12 = `document.ptc'.

Package atveryend Info: Empty hook `BeforeClearDocument' on input line 386.
Package atveryend Info: Empty hook `AfterLastShipout' on input line 386.
 (document.aux
(introduction.aux) (literature_review.aux) (methodology.aux)
(results_and_discussions.aux) (conclusions.aux) (answers_to_questions.aux)
(usage_examples.aux) (vita.aux))
Package atveryend Info: Executing hook `AtVeryEndDocument' on input line 386.
Package atveryend Info: Executing hook `AtEndAfterFileList' on input line 386.
Package rerunfilecheck Info: File `document.out' has not changed.
(rerunfilecheck)             Checksum: 2909408015E167122B28836DF4E94D4A;4564.


LaTeX Font Warning: Some font shapes were not available, defaults substituted.

 ) 
Here is how much of TeX's memory you used:
 37529 strings out of 493305
 641625 string characters out of 3128497
 1475657 words of memory out of 3000000
 38898 multiletter control sequences out of 15000+200000
 87083 words of font info for 400 fonts, out of 3000000 for 9000
 1149 hyphenation exceptions out of 8191
 65i,20n,126p,1085b,2072s stack positions out of 5000i,500n,10000p,200000b,50000s
pdfTeX warning (dest): name{not:cardinality} has been referenced but does not
 exist, replaced by a fixed one

pdfTeX warning (dest): name{Functional\040Analysis} has been referenced but doe
s not exist, replaced by a fixed one

pdfTeX warning (dest): name{not:emptySet} has been referenced but does not exis
t, replaced by a fixed one

pdfTeX warning (dest): name{not:universalSet} has been referenced but does not 
exist, replaced by a fixed one

pdfTeX warning (dest): name{not:set} has been referenced but does not exist, re
placed by a fixed one

pdfTeX warning (dest): name{matrix} has been referenced but does not exist, rep
laced by a fixed one

pdfTeX warning (dest): name{not:ir} has been referenced but does not exist, rep
laced by a fixed one

pdfTeX warning (dest): name{not:input_sigt} has been referenced but does not ex
ist, replaced by a fixed one

pdfTeX warning (dest): name{not:output_sigt} has been referenced but does not e
xist, replaced by a fixed one

{C:/Users/Benjamin/AppData/Local/Programs/MiKTeX 2.9/fonts/enc/dvips/base/8r.en
c} <C:\Users\Benjamin\AppData\Local\MiKTeX\2.9\fonts\pk\ljfour\public\cmbright\
dpi720\cmbrmb10.pk> <C:\Users\Benjamin\AppData\Local\MiKTeX\2.9\fonts\pk\ljfour
\public\cmbright\dpi720\cmbrmi10.pk><C:/Users/Benjamin/AppData/Local/Programs/M
iKTeX 2.9/fonts/type1/public/amsfonts/cm/cmbsy10.pfb><C:/Users/Benjamin/AppData
/Local/Programs/MiKTeX 2.9/fonts/type1/public/amsfonts/cm/cmbx12.pfb><C:/Users/
Benjamin/AppData/Local/Programs/MiKTeX 2.9/fonts/type1/public/amsfonts/cm/cmbx8
.pfb><C:/Users/Benjamin/AppData/Local/Programs/MiKTeX 2.9/fonts/type1/public/am
sfonts/cm/cmbxti10.pfb><C:/Users/Benjamin/AppData/Local/Programs/MiKTeX 2.9/fon
ts/type1/public/amsfonts/cm/cmex10.pfb><C:/Users/Benjamin/AppData/Local/Program
s/MiKTeX 2.9/fonts/type1/public/amsfonts/cm/cmmi10.pfb><C:/Users/Benjamin/AppDa
ta/Local/Programs/MiKTeX 2.9/fonts/type1/public/amsfonts/cm/cmmi12.pfb><C:/User
s/Benjamin/AppData/Local/Programs/MiKTeX 2.9/fonts/type1/public/amsfonts/cm/cmm
i7.pfb><C:/Users/Benjamin/AppData/Local/Programs/MiKTeX 2.9/fonts/type1/public/
amsfonts/cm/cmmi8.pfb><C:/Users/Benjamin/AppData/Local/Programs/MiKTeX 2.9/font
s/type1/public/amsfonts/cm/cmmib10.pfb><C:/Users/Benjamin/AppData/Local/Program
s/MiKTeX 2.9/fonts/type1/public/amsfonts/cmextra/cmmib8.pfb><C:/Users/Benjamin/
AppData/Local/Programs/MiKTeX 2.9/fonts/type1/public/amsfonts/cm/cmr10.pfb><C:/
Users/Benjamin/AppData/Local/Programs/MiKTeX 2.9/fonts/type1/public/amsfonts/cm
/cmr12.pfb><C:/Users/Benjamin/AppData/Local/Programs/MiKTeX 2.9/fonts/type1/pub
lic/amsfonts/cm/cmr7.pfb><C:/Users/Benjamin/AppData/Local/Programs/MiKTeX 2.9/f
onts/type1/public/amsfonts/cm/cmr8.pfb><C:/Users/Benjamin/AppData/Local/Program
s/MiKTeX 2.9/fonts/type1/public/amsfonts/cm/cmss12.pfb><C:/Users/Benjamin/AppDa
ta/Local/Programs/MiKTeX 2.9/fonts/type1/public/amsfonts/cm/cmssbx10.pfb><C:/Us
ers/Benjamin/AppData/Local/Programs/MiKTeX 2.9/fonts/type1/public/amsfonts/cm/c
msy10.pfb><C:/Users/Benjamin/AppData/Local/Programs/MiKTeX 2.9/fonts/type1/publ
ic/amsfonts/cm/cmsy8.pfb><C:/Users/Benjamin/AppData/Local/Programs/MiKTeX 2.9/f
onts/type1/public/amsfonts/cm/cmti12.pfb><C:/Users/Benjamin/AppData/Local/Progr
ams/MiKTeX 2.9/fonts/type1/public/amsfonts/cm/cmtt12.pfb><C:/Users/Benjamin/App
Data/Local/Programs/MiKTeX 2.9/fonts/type1/public/amsfonts/symbols/msbm10.pfb><
C:/Users/Benjamin/AppData/Local/Programs/MiKTeX 2.9/fonts/type1/urw/courier/ucr
b8a.pfb><C:/Users/Benjamin/AppData/Local/Programs/MiKTeX 2.9/fonts/type1/urw/co
urier/ucrr8a.pfb><C:/Users/Benjamin/AppData/Local/Programs/MiKTeX 2.9/fonts/typ
e1/urw/courier/ucrro8a.pfb><C:/Users/Benjamin/AppData/Local/Programs/MiKTeX 2.9
/fonts/type1/urw/helvetic/uhvb8a.pfb><C:/Users/Benjamin/AppData/Local/Programs/
MiKTeX 2.9/fonts/type1/urw/helvetic/uhvr8a.pfb><C:/Users/Benjamin/AppData/Local
/Programs/MiKTeX 2.9/fonts/type1/urw/times/utmb8a.pfb><C:/Users/Benjamin/AppDat
a/Local/Programs/MiKTeX 2.9/fonts/type1/urw/times/utmr8a.pfb><C:/Users/Benjamin
/AppData/Local/Programs/MiKTeX 2.9/fonts/type1/urw/times/utmri8a.pfb>
Output written on document.pdf (95 pages, 1032024 bytes).
PDF statistics:
 2329 PDF objects out of 2487 (max. 8388607)
 993 named destinations out of 1000 (max. 500000)
 62583 words of extra memory for PDF output out of 74296 (max. 10000000)

