This is pdfTeX, Version 3.14159265-2.6-1.40.19 (MiKTeX 2.9.6630 64-bit) (preloaded format=pdflatex 2018.5.20)  20 OCT 2018 22:00
entering extended mode
**"C:/Users/Benjamin/Desktop/MSUGSC THESIS FORMAT ADAPTED FROM DLSU_/usage_exam
ples.tex"

("C:/Users/Benjamin/Desktop/MSUGSC THESIS FORMAT ADAPTED FROM DLSU_/usage_examp
les.tex"
LaTeX2e <2017-04-15>
Babel <3.18> and hyphenation patterns for 75 language(s) loaded.

! LaTeX Error: Missing \begin{document}.

See the LaTeX manual or LaTeX Companion for explanation.
Type  H <return>  for immediate help.
 ...                                              
                                                  
l.1 T
     he user is expected to have a working knowledge of \LaTeX. A good intro...

? 
! Emergency stop.
 ...                                              
                                                  
l.1 T
     he user is expected to have a working knowledge of \LaTeX. A good intro...

You're in trouble here.  Try typing  <return>  to proceed.
If that doesn't work, type  X <return>  to quit.

 
Here is how much of TeX's memory you used:
 9 strings out of 493305
 523 string characters out of 3128497
 53825 words of memory out of 3000000
 3658 multiletter control sequences out of 15000+200000
 3640 words of font info for 14 fonts, out of 3000000 for 9000
 1141 hyphenation exceptions out of 8191
 5i,0n,4p,285b,14s stack positions out of 5000i,500n,10000p,200000b,50000s
!  ==> Fatal error occurred, no output PDF file produced!
